2026-01-09 23:24:57,967 | INFO | scheduler | –ü–ª–∞–Ω—É–≤–∞–ª—å–Ω–∏–∫ –∑–∞–ø—É—â–µ–Ω–æ
2026-01-09 23:24:58,014 | INFO | scheduler | –ó–∞–ø–ª–∞–Ω–æ–≤–∞–Ω–æ —â–æ–¥–µ–Ω–Ω–∏–π –∑–∞–ø–∏—Å –æ 09:00
2026-01-09 23:29:46,686 | INFO | camera_source | –ö–∞–º–µ—Ä—É –≤—ñ–¥–∫—Ä–∏—Ç–æ (rtsp=False)
2026-01-09 23:29:48,233 | INFO | screenshot | –°–∫—Ä—ñ–Ω—à–æ—Ç –∑–±–µ—Ä–µ–∂–µ–Ω–æ: C:\Work\camera_app\static\screenshots\snap_1767994188.jpg
2026-01-09 23:37:44,871 | INFO | camera_source | –ö–∞–º–µ—Ä—É –≤—ñ–¥–∫—Ä–∏—Ç–æ (rtsp=False)
2026-01-09 23:37:55,810 | INFO | recorder | –ó–∞–ø–∏—Å –∑–∞–≤–µ—Ä—à–µ–Ω–æ (248 –∫–∞–¥—Ä—ñ–≤): C:\Work\camera_app\static\recordings\record_1767994664.avi
2026-01-09 23:43:09,718 | INFO | camera_source | –ö–∞–º–µ—Ä—É –≤—ñ–¥–∫—Ä–∏—Ç–æ (rtsp=False)
2026-01-09 23:43:11,105 | INFO | screenshot | –°–∫—Ä—ñ–Ω—à–æ—Ç –∑–±–µ—Ä–µ–∂–µ–Ω–æ: C:\Work\camera_app\static\screenshots\snap_1767994991.jpg
2026-01-09 23:43:24,018 | INFO | camera_source | –ö–∞–º–µ—Ä—É –≤—ñ–¥–∫—Ä–∏—Ç–æ (rtsp=False)
2026-01-09 23:43:34,385 | INFO | recorder | –ó–∞–ø–∏—Å –∑–∞–≤–µ—Ä—à–µ–Ω–æ (248 –∫–∞–¥—Ä—ñ–≤): C:\Work\camera_app\static\recordings\record_1767995004.avi
2026-01-09 23:49:38,858 | INFO | camera_source | –ö–∞–º–µ—Ä—É –≤—ñ–¥–∫—Ä–∏—Ç–æ (rtsp=False)
2026-01-09 23:49:49,271 | INFO | recorder | –ó–∞–ø–∏—Å –∑–∞–≤–µ—Ä—à–µ–Ω–æ (254 –∫–∞–¥—Ä—ñ–≤): C:\Work\camera_app\static\recordings\record_1767995378.avi
2026-01-09 23:49:51,549 | INFO | camera_source | –ö–∞–º–µ—Ä—É –≤—ñ–¥–∫—Ä–∏—Ç–æ (rtsp=False)
2026-01-09 23:49:52,874 | INFO | screenshot | –°–∫—Ä—ñ–Ω—à–æ—Ç –∑–±–µ—Ä–µ–∂–µ–Ω–æ: C:\Work\camera_app\static\screenshots\snap_1767995392.jpg
2026-01-09 23:51:41,553 | INFO | camera_source | –ö–∞–º–µ—Ä—É –≤—ñ–¥–∫—Ä–∏—Ç–æ (rtsp=False)
2026-01-09 23:51:51,954 | INFO | recorder | –ó–∞–ø–∏—Å –∑–∞–≤–µ—Ä—à–µ–Ω–æ (251 –∫–∞–¥—Ä—ñ–≤): C:\Work\camera_app\static\recordings\record_1767995501.avi
2026-01-09 23:52:55,524 | INFO | scheduler | –ü–ª–∞–Ω—É–≤–∞–ª—å–Ω–∏–∫ –∑–∞–ø—É—â–µ–Ω–æ
2026-01-09 23:52:55,532 | INFO | scheduler | –ó–∞–ø–ª–∞–Ω–æ–≤–∞–Ω–æ —â–æ–¥–µ–Ω–Ω–∏–π –∑–∞–ø–∏—Å –æ 09:00
2026-01-09 23:53:10,996 | INFO | app | –ó–∞–ø–∏—Ç –Ω–∞ –≤—ñ–¥–µ–æ–ø–æ—Ç—ñ–∫ (rtsp=False)
2026-01-09 23:53:10,998 | INFO | camera_source | –í—ñ–¥–∫—Ä–∏–≤–∞—é –ª–æ–∫–∞–ª—å–Ω—É –∫–∞–º–µ—Ä—É: index=0
2026-01-09 23:53:11,911 | INFO | camera_source | –ö–∞–º–µ—Ä–∞ —É—Å–ø—ñ—à–Ω–æ –≤—ñ–¥–∫—Ä–∏—Ç–∞ (rtsp=False)
2026-01-09 23:54:09,968 | INFO | app | –ó–∞–ø–∏—Ç –Ω–∞ –≤—ñ–¥–µ–æ–ø–æ—Ç—ñ–∫ (rtsp=False)
2026-01-09 23:54:09,968 | INFO | camera_source | –í—ñ–¥–∫—Ä–∏–≤–∞—é –ª–æ–∫–∞–ª—å–Ω—É –∫–∞–º–µ—Ä—É: index=0
2026-01-09 23:54:10,398 | INFO | camera_source | –ö–∞–º–µ—Ä–∞ —É—Å–ø—ñ—à–Ω–æ –≤—ñ–¥–∫—Ä–∏—Ç–∞ (rtsp=False)
2026-01-10 10:17:39,084 | INFO | scheduler | –ü–ª–∞–Ω—É–≤–∞–ª—å–Ω–∏–∫ –∑–∞–ø—É—â–µ–Ω–æ
2026-01-10 10:17:39,133 | INFO | scheduler | –ó–∞–ø–ª–∞–Ω–æ–≤–∞–Ω–æ —â–æ–¥–µ–Ω–Ω–∏–π –∑–∞–ø–∏—Å –æ 09:00
2026-01-10 10:23:03,923 | INFO | scheduler | –ü–ª–∞–Ω—É–≤–∞–ª—å–Ω–∏–∫ –∑–∞–ø—É—â–µ–Ω–æ
2026-01-10 10:23:03,923 | INFO | scheduler | –ó–∞–ø–ª–∞–Ω–æ–≤–∞–Ω–æ —â–æ–¥–µ–Ω–Ω–∏–π –∑–∞–ø–∏—Å –æ 09:00
2026-01-10 10:26:33,910 | INFO | scheduler | –ü–ª–∞–Ω—É–≤–∞–ª—å–Ω–∏–∫ –∑–∞–ø—É—â–µ–Ω–æ
2026-01-10 10:26:33,910 | INFO | scheduler | –ó–∞–ø–ª–∞–Ω–æ–≤–∞–Ω–æ —â–æ–¥–µ–Ω–Ω–∏–π –∑–∞–ø–∏—Å –æ 09:00
2026-01-10 10:26:51,588 | INFO | camera_source | –í—ñ–¥–∫—Ä–∏–≤–∞—é –ª–æ–∫–∞–ª—å–Ω—É –∫–∞–º–µ—Ä—É: index=0
2026-01-10 10:26:53,143 | INFO | camera_source | –ö–∞–º–µ—Ä–∞ —É—Å–ø—ñ—à–Ω–æ –≤—ñ–¥–∫—Ä–∏—Ç–∞ (rtsp=False)
2026-01-10 10:27:18,306 | INFO | camera_source | –í—ñ–¥–∫—Ä–∏–≤–∞—é –ª–æ–∫–∞–ª—å–Ω—É –∫–∞–º–µ—Ä—É: index=0
2026-01-10 10:27:18,487 | INFO | camera_source | –ö–∞–º–µ—Ä–∞ —É—Å–ø—ñ—à–Ω–æ –≤—ñ–¥–∫—Ä–∏—Ç–∞ (rtsp=False)
2026-01-10 10:27:18,505 | WARNING | live_stream | –ö–∞–¥—Ä –Ω–µ –∑—á–∏—Ç–∞–Ω–æ ‚Äî –∑—É–ø–∏–Ω—è—é –ø–æ—Ç—ñ–∫
2026-01-10 10:27:18,567 | INFO | live_stream | MJPEG‚Äë–ø–æ—Ç—ñ–∫ –∑–∞–≤–µ—Ä—à–µ–Ω–æ
2026-01-10 10:27:18,955 | INFO | screenshot | –°–∫—Ä—ñ–Ω—à–æ—Ç –∑–±–µ—Ä–µ–∂–µ–Ω–æ: static\screenshots\screenshot_1768033638.jpg
2026-01-10 10:41:23,450 | INFO | scheduler | –ü–ª–∞–Ω—É–≤–∞–ª—å–Ω–∏–∫ –∑–∞–ø—É—â–µ–Ω–æ
2026-01-10 10:41:23,450 | INFO | scheduler | –ó–∞–ø–ª–∞–Ω–æ–≤–∞–Ω–æ —â–æ–¥–µ–Ω–Ω–∏–π –∑–∞–ø–∏—Å –æ 09:00
2026-01-10 10:41:52,462 | INFO | camera_source | –í—ñ–¥–∫—Ä–∏–≤–∞—é –ª–æ–∫–∞–ª—å–Ω—É –∫–∞–º–µ—Ä—É: index=0
2026-01-10 10:41:53,758 | INFO | camera_source | –ö–∞–º–µ—Ä–∞ —É—Å–ø—ñ—à–Ω–æ –≤—ñ–¥–∫—Ä–∏—Ç–∞ (rtsp=False)
2026-01-10 10:42:08,497 | INFO | camera_source | –í—ñ–¥–∫—Ä–∏–≤–∞—é –ª–æ–∫–∞–ª—å–Ω—É –∫–∞–º–µ—Ä—É: index=0
2026-01-10 10:42:08,596 | INFO | camera_source | –ö–∞–º–µ—Ä–∞ —É—Å–ø—ñ—à–Ω–æ –≤—ñ–¥–∫—Ä–∏—Ç–∞ (rtsp=False)
2026-01-10 10:42:10,948 | WARNING | live_stream | –ö–∞–¥—Ä –Ω–µ –∑—á–∏—Ç–∞–Ω–æ ‚Äî –∑—É–ø–∏–Ω—è—é –ø–æ—Ç—ñ–∫
2026-01-10 10:42:11,027 | INFO | live_stream | MJPEG‚Äë–ø–æ—Ç—ñ–∫ –∑–∞–≤–µ—Ä—à–µ–Ω–æ
2026-01-10 10:42:16,263 | INFO | recorder | –ó–∞–ø–∏—Å –∑–±–µ—Ä–µ–∂–µ–Ω–æ: static\recordings\recording_1768034528.avi
2026-01-10 10:42:25,072 | INFO | camera_source | –í—ñ–¥–∫—Ä–∏–≤–∞—é –ª–æ–∫–∞–ª—å–Ω—É –∫–∞–º–µ—Ä—É: index=0
2026-01-10 10:42:25,269 | INFO | camera_source | –ö–∞–º–µ—Ä–∞ —É—Å–ø—ñ—à–Ω–æ –≤—ñ–¥–∫—Ä–∏—Ç–∞ (rtsp=False)
2026-01-10 10:42:30,610 | INFO | recorder | –ó–∞–ø–∏—Å –∑–±–µ—Ä–µ–∂–µ–Ω–æ: static\recordings\recording_1768034545.avi
2026-01-10 10:42:37,147 | INFO | camera_source | –í—ñ–¥–∫—Ä–∏–≤–∞—é –ª–æ–∫–∞–ª—å–Ω—É –∫–∞–º–µ—Ä—É: index=0
2026-01-10 10:42:37,339 | INFO | camera_source | –ö–∞–º–µ—Ä–∞ —É—Å–ø—ñ—à–Ω–æ –≤—ñ–¥–∫—Ä–∏—Ç–∞ (rtsp=False)
2026-01-10 10:42:38,828 | INFO | screenshot | –°–∫—Ä—ñ–Ω—à–æ—Ç –∑–±–µ—Ä–µ–∂–µ–Ω–æ: static\screenshots\screenshot_1768034558.jpg
2026-01-10 11:31:08,863 | INFO | scheduler | –ü–ª–∞–Ω—É–≤–∞–ª—å–Ω–∏–∫ –∑–∞–ø—É—â–µ–Ω–æ
2026-01-10 11:31:08,863 | INFO | scheduler | –ó–∞–ø–ª–∞–Ω–æ–≤–∞–Ω–æ —â–æ–¥–µ–Ω–Ω–∏–π –∑–∞–ø–∏—Å –æ 09:00
2026-01-10 11:32:18,595 | INFO | camera_source | –í—ñ–¥–∫—Ä–∏–≤–∞—é –ª–æ–∫–∞–ª—å–Ω—É –∫–∞–º–µ—Ä—É: index=0
2026-01-10 11:32:19,959 | INFO | camera_source | –ö–∞–º–µ—Ä–∞ —É—Å–ø—ñ—à–Ω–æ –≤—ñ–¥–∫—Ä–∏—Ç–∞ (rtsp=False)
2026-01-10 11:32:25,107 | INFO | camera_source | –í—ñ–¥–∫—Ä–∏–≤–∞—é –ª–æ–∫–∞–ª—å–Ω—É –∫–∞–º–µ—Ä—É: index=0
2026-01-10 11:32:25,214 | INFO | camera_source | –ö–∞–º–µ—Ä–∞ —É—Å–ø—ñ—à–Ω–æ –≤—ñ–¥–∫—Ä–∏—Ç–∞ (rtsp=False)
2026-01-10 11:32:25,304 | WARNING | live_stream | –ö–∞–¥—Ä –Ω–µ –∑—á–∏—Ç–∞–Ω–æ ‚Äî –∑—É–ø–∏–Ω—è—é –ø–æ—Ç—ñ–∫
2026-01-10 11:32:25,313 | INFO | live_stream | MJPEG‚Äë–ø–æ—Ç—ñ–∫ –∑–∞–≤–µ—Ä—à–µ–Ω–æ
2026-01-10 11:32:30,630 | INFO | recorder | –¢–µ—Å—Ç–æ–≤–∏–π –∑–∞–ø–∏—Å –∑–±–µ—Ä–µ–∂–µ–Ω–æ: static\recordings\recording_1768037545.avi
2026-01-10 11:32:35,964 | INFO | camera_source | –í—ñ–¥–∫—Ä–∏–≤–∞—é –ª–æ–∫–∞–ª—å–Ω—É –∫–∞–º–µ—Ä—É: index=0
2026-01-10 11:32:36,156 | INFO | camera_source | –ö–∞–º–µ—Ä–∞ —É—Å–ø—ñ—à–Ω–æ –≤—ñ–¥–∫—Ä–∏—Ç–∞ (rtsp=False)
2026-01-10 11:32:41,528 | INFO | recorder | –¢–µ—Å—Ç–æ–≤–∏–π –∑–∞–ø–∏—Å –∑–±–µ—Ä–µ–∂–µ–Ω–æ: static\recordings\recording_1768037556.avi
2026-01-10 11:32:47,381 | INFO | camera_source | –í—ñ–¥–∫—Ä–∏–≤–∞—é –ª–æ–∫–∞–ª—å–Ω—É –∫–∞–º–µ—Ä—É: index=0
2026-01-10 11:32:47,598 | INFO | camera_source | –ö–∞–º–µ—Ä–∞ —É—Å–ø—ñ—à–Ω–æ –≤—ñ–¥–∫—Ä–∏—Ç–∞ (rtsp=False)
2026-01-10 11:32:52,912 | INFO | recorder | –¢–µ—Å—Ç–æ–≤–∏–π –∑–∞–ø–∏—Å –∑–±–µ—Ä–µ–∂–µ–Ω–æ: static\recordings\recording_1768037567.avi
2026-01-10 11:34:26,751 | INFO | camera_source | –í—ñ–¥–∫—Ä–∏–≤–∞—é –ª–æ–∫–∞–ª—å–Ω—É –∫–∞–º–µ—Ä—É: index=0
2026-01-10 11:34:27,314 | INFO | camera_source | –ö–∞–º–µ—Ä–∞ —É—Å–ø—ñ—à–Ω–æ –≤—ñ–¥–∫—Ä–∏—Ç–∞ (rtsp=False)
2026-01-10 11:34:34,822 | INFO | camera_source | –í—ñ–¥–∫—Ä–∏–≤–∞—é –ª–æ–∫–∞–ª—å–Ω—É –∫–∞–º–µ—Ä—É: index=0
2026-01-10 11:34:34,953 | INFO | camera_source | –ö–∞–º–µ—Ä–∞ —É—Å–ø—ñ—à–Ω–æ –≤—ñ–¥–∫—Ä–∏—Ç–∞ (rtsp=False)
2026-01-10 11:34:34,970 | WARNING | live_stream | –ö–∞–¥—Ä –Ω–µ –∑—á–∏—Ç–∞–Ω–æ ‚Äî –∑—É–ø–∏–Ω—è—é –ø–æ—Ç—ñ–∫
2026-01-10 11:34:35,012 | INFO | live_stream | MJPEG‚Äë–ø–æ—Ç—ñ–∫ –∑–∞–≤–µ—Ä—à–µ–Ω–æ
2026-01-10 11:34:35,402 | INFO | screenshot | –°–∫—Ä—ñ–Ω—à–æ—Ç –∑–±–µ—Ä–µ–∂–µ–Ω–æ: static\screenshots\screenshot_1768037675.jpg
2026-01-10 11:37:20,878 | INFO | camera_source | –í—ñ–¥–∫—Ä–∏–≤–∞—é –ª–æ–∫–∞–ª—å–Ω—É –∫–∞–º–µ—Ä—É: index=0
2026-01-10 11:37:21,367 | INFO | camera_source | –ö–∞–º–µ—Ä–∞ —É—Å–ø—ñ—à–Ω–æ –≤—ñ–¥–∫—Ä–∏—Ç–∞ (rtsp=False)
2026-01-10 11:37:26,691 | INFO | camera_source | –í—ñ–¥–∫—Ä–∏–≤–∞—é RTSP –∫–∞–º–µ—Ä—É: rtsp://user:password@IP:554/stream
2026-01-10 11:37:38,792 | ERROR | camera_source | –ù–µ –≤–¥–∞–ª–æ—Å—è –≤—ñ–¥–∫—Ä–∏—Ç–∏ –∫–∞–º–µ—Ä—É (rtsp=True)
2026-01-10 11:37:38,792 | ERROR | recorder | –ù–µ –≤–¥–∞–ª–æ—Å—è –≤—ñ–¥–∫—Ä–∏—Ç–∏ –∫–∞–º–µ—Ä—É –¥–ª—è –∑–∞–ø–∏—Å—É
2026-01-10 11:38:40,219 | INFO | camera_source | –í—ñ–¥–∫—Ä–∏–≤–∞—é RTSP –∫–∞–º–µ—Ä—É: rtsp://user:password@IP:554/stream
2026-01-10 11:38:51,786 | ERROR | camera_source | –ù–µ –≤–¥–∞–ª–æ—Å—è –≤—ñ–¥–∫—Ä–∏—Ç–∏ –∫–∞–º–µ—Ä—É (rtsp=True)
2026-01-10 11:38:51,786 | ERROR | recorder | –ù–µ –≤–¥–∞–ª–æ—Å—è –≤—ñ–¥–∫—Ä–∏—Ç–∏ –∫–∞–º–µ—Ä—É –¥–ª—è –∑–∞–ø–∏—Å—É
2026-01-10 11:38:51,849 | INFO | camera_source | –í—ñ–¥–∫—Ä–∏–≤–∞—é RTSP –∫–∞–º–µ—Ä—É: rtsp://user:password@IP:554/stream
2026-01-10 11:39:03,714 | ERROR | camera_source | –ù–µ –≤–¥–∞–ª–æ—Å—è –≤—ñ–¥–∫—Ä–∏—Ç–∏ –∫–∞–º–µ—Ä—É (rtsp=True)
2026-01-10 11:39:03,714 | ERROR | recorder | –ù–µ –≤–¥–∞–ª–æ—Å—è –≤—ñ–¥–∫—Ä–∏—Ç–∏ –∫–∞–º–µ—Ä—É –¥–ª—è –∑–∞–ø–∏—Å—É
2026-01-10 11:41:05,445 | INFO | camera_source | –í—ñ–¥–∫—Ä–∏–≤–∞—é –ª–æ–∫–∞–ª—å–Ω—É –∫–∞–º–µ—Ä—É: index=0
2026-01-10 11:41:05,957 | INFO | camera_source | –ö–∞–º–µ—Ä–∞ —É—Å–ø—ñ—à–Ω–æ –≤—ñ–¥–∫—Ä–∏—Ç–∞ (rtsp=False)
2026-01-10 11:56:08,501 | INFO | frame_grabber | Frame grabber –∑–∞–ø—É—â–µ–Ω–æ
Ω—É –∫–∞–º–µ—Ä—É: index=0
2026-01-10 11:56:08,517 | INFO | scheduler | –ü–ª–∞–Ω—É–≤–∞–ª—å–Ω–∏–∫ –∑–∞–ø—É—â–µ–Ω–æ
2026-01-10 11:56:08,517 | INFO | scheduler | –ó–∞–ø–ª–∞–Ω–æ–≤–∞–Ω–æ —â–æ–¥–µ–Ω–Ω–∏–π –∑–∞–ø–∏—Å –æ 09:00
2026-01-10 11:56:09,658 | INFO | camera_source | –ö–∞–º–µ—Ä–∞ —É—Å–ø—ñ—à–Ω–æ –≤—ñ–¥–∫—Ä–∏—Ç–∞ (rtsp=False)
2026-01-10 12:00:07,030 | INFO | scheduler | –ü–ª–∞–Ω—É–≤–∞–ª—å–Ω–∏–∫ –∑–∞–ø—É—â–µ–Ω–æ
2026-01-10 12:00:07,030 | INFO | scheduler | –ó–∞–ø–ª–∞–Ω–æ–≤–∞–Ω–æ —â–æ–¥–µ–Ω–Ω–∏–π –∑–∞–ø–∏—Å –æ 09:00
2026-01-10 12:00:21,735 | INFO | frame_grabber | Frame grabber –∑–∞–ø—É—â–µ–Ω–æ
2026-01-10 12:00:21,735 | INFO | camera_source | –í—ñ–¥–∫—Ä–∏–≤–∞—é –ª–æ–∫–∞–ª—å–Ω—É –∫–∞–º–µ—Ä—É: index=0
2026-01-10 12:00:24,501 | INFO | camera_source | –ö–∞–º–µ—Ä–∞ —É—Å–ø—ñ—à–Ω–æ –≤—ñ–¥–∫—Ä–∏—Ç–∞ (rtsp=False)
2026-01-10 12:04:17,693 | INFO | scheduler | –ü–ª–∞–Ω—É–≤–∞–ª—å–Ω–∏–∫ –∑–∞–ø—É—â–µ–Ω–æ
2026-01-10 12:04:17,693 | INFO | scheduler | –ó–∞–ø–ª–∞–Ω–æ–≤–∞–Ω–æ —â–æ–¥–µ–Ω–Ω–∏–π –∑–∞–ø–∏—Å –æ 09:00
2026-01-10 12:08:13,850 | INFO | scheduler | –ü–ª–∞–Ω—É–≤–∞–ª—å–Ω–∏–∫ –∑–∞–ø—É—â–µ–Ω–æ
2026-01-10 12:08:13,866 | INFO | scheduler | –ó–∞–ø–ª–∞–Ω–æ–≤–∞–Ω–æ —â–æ–¥–µ–Ω–Ω–∏–π –∑–∞–ø–∏—Å –æ 09:00
2026-01-10 12:09:05,737 | INFO | frame_grabber | Frame grabber –∑–∞–ø—É—â–µ–Ω–æ
2026-01-10 12:09:05,736 | INFO | camera_source | –í—ñ–¥–∫—Ä–∏–≤–∞—é –ª–æ–∫–∞–ª—å–Ω—É –∫–∞–º–µ—Ä—É: index=0
2026-01-10 12:09:07,396 | INFO | camera_source | –ö–∞–º–µ—Ä–∞ —É—Å–ø—ñ—à–Ω–æ –≤—ñ–¥–∫—Ä–∏—Ç–∞ (rtsp=False)
2026-01-10 12:09:36,749 | INFO | recorder | –¢–µ—Å—Ç–æ–≤–∏–π –∑–∞–ø–∏—Å –∑–±–µ—Ä–µ–∂–µ–Ω–æ: static\recordings\recording_1768039771.avi
2026-01-10 12:09:37,881 | INFO | camera_source | –í—ñ–¥–∫—Ä–∏–≤–∞—é –ª–æ–∫–∞–ª—å–Ω—É –∫–∞–º–µ—Ä—É: index=0
2026-01-10 12:09:38,608 | INFO | camera_source | –ö–∞–º–µ—Ä–∞ —É—Å–ø—ñ—à–Ω–æ –≤—ñ–¥–∫—Ä–∏—Ç–∞ (rtsp=False)
2026-01-10 12:09:39,545 | INFO | screenshot | –°–∫—Ä—ñ–Ω—à–æ—Ç –∑–±–µ—Ä–µ–∂–µ–Ω–æ: static\screenshots\screenshot_1768039779.jpg
2026-01-10 12:09:43,197 | INFO | camera_source | –í—ñ–¥–∫—Ä–∏–≤–∞—é –ª–æ–∫–∞–ª—å–Ω—É –∫–∞–º–µ—Ä—É: index=0
2026-01-10 12:09:43,491 | INFO | camera_source | –ö–∞–º–µ—Ä–∞ —É—Å–ø—ñ—à–Ω–æ –≤—ñ–¥–∫—Ä–∏—Ç–∞ (rtsp=False)
2026-01-10 12:09:45,093 | INFO | screenshot | –°–∫—Ä—ñ–Ω—à–æ—Ç –∑–±–µ—Ä–µ–∂–µ–Ω–æ: static\screenshots\screenshot_1768039785.jpg
2026-01-10 12:09:47,280 | INFO | camera_source | –í—ñ–¥–∫—Ä–∏–≤–∞—é –ª–æ–∫–∞–ª—å–Ω—É –∫–∞–º–µ—Ä—É: index=0
2026-01-10 12:09:47,580 | INFO | camera_source | –ö–∞–º–µ—Ä–∞ —É—Å–ø—ñ—à–Ω–æ –≤—ñ–¥–∫—Ä–∏—Ç–∞ (rtsp=False)
2026-01-10 12:09:49,216 | INFO | screenshot | –°–∫—Ä—ñ–Ω—à–æ—Ç –∑–±–µ—Ä–µ–∂–µ–Ω–æ: static\screenshots\screenshot_1768039789.jpg
2026-01-10 12:09:57,241 | INFO | recorder | –¢–µ—Å—Ç–æ–≤–∏–π –∑–∞–ø–∏—Å –∑–±–µ—Ä–µ–∂–µ–Ω–æ: static\recordings\recording_1768039792.avi
2026-01-10 12:10:02,340 | INFO | recorder | –¢–µ—Å—Ç–æ–≤–∏–π –∑–∞–ø–∏—Å –∑–±–µ—Ä–µ–∂–µ–Ω–æ: static\recordings\recording_1768039797.avi
2026-01-10 12:10:07,477 | INFO | recorder | –¢–µ—Å—Ç–æ–≤–∏–π –∑–∞–ø–∏—Å –∑–±–µ—Ä–µ–∂–µ–Ω–æ: static\recordings\recording_1768039802.avi
2026-01-10 12:18:27,301 | INFO | scheduler | –ü–ª–∞–Ω—É–≤–∞–ª—å–Ω–∏–∫ –∑–∞–ø—É—â–µ–Ω–æ
2026-01-10 12:18:27,317 | INFO | scheduler | –ó–∞–ø–ª–∞–Ω–æ–≤–∞–Ω–æ —â–æ–¥–µ–Ω–Ω–∏–π –∑–∞–ø–∏—Å –æ 09:00
2026-01-10 12:18:43,686 | INFO | camera_source | –í—ñ–¥–∫—Ä–∏–≤–∞—é –ª–æ–∫–∞–ª—å–Ω—É –∫–∞–º–µ—Ä—É: index=0
2026-01-10 12:18:43,686 | INFO | frame_grabber | Frame grabber –∑–∞–ø—É—â–µ–Ω–æ
2026-01-10 12:18:46,945 | INFO | camera_source | –ö–∞–º–µ—Ä–∞ —É—Å–ø—ñ—à–Ω–æ –≤—ñ–¥–∫—Ä–∏—Ç–∞ (rtsp=False)
2026-01-10 12:20:09,089 | INFO | scheduler | –ü–ª–∞–Ω—É–≤–∞–ª—å–Ω–∏–∫ –∑–∞–ø—É—â–µ–Ω–æ
2026-01-10 12:20:09,089 | INFO | scheduler | –ó–∞–ø–ª–∞–Ω–æ–≤–∞–Ω–æ —â–æ–¥–µ–Ω–Ω–∏–π –∑–∞–ø–∏—Å –æ 09:00
2026-01-10 12:20:21,816 | INFO | frame_grabber | Frame grabber –∑–∞–ø—É—â–µ–Ω–æ
2026-01-10 12:20:21,816 | INFO | camera_source | –í—ñ–¥–∫—Ä–∏–≤–∞—é –ª–æ–∫–∞–ª—å–Ω—É –∫–∞–º–µ—Ä—É: index=0
2026-01-10 12:20:23,035 | INFO | camera_source | –ö–∞–º–µ—Ä–∞ —É—Å–ø—ñ—à–Ω–æ –≤—ñ–¥–∫—Ä–∏—Ç–∞ (rtsp=False)
2026-01-10 12:20:29,372 | INFO | frame_grabber | Frame grabber –∑—É–ø–∏–Ω–µ–Ω–æ
2026-01-10 12:23:00,172 | INFO | scheduler | –ü–ª–∞–Ω—É–≤–∞–ª—å–Ω–∏–∫ –∑–∞–ø—É—â–µ–Ω–æ
2026-01-10 12:23:00,172 | INFO | scheduler | –ó–∞–ø–ª–∞–Ω–æ–≤–∞–Ω–æ —â–æ–¥–µ–Ω–Ω–∏–π –∑–∞–ø–∏—Å –æ 09:00
2026-01-10 12:23:11,493 | INFO | camera_source | –í—ñ–¥–∫—Ä–∏–≤–∞—é –ª–æ–∫–∞–ª—å–Ω—É –∫–∞–º–µ—Ä—É: index=0
2026-01-10 12:23:11,493 | INFO | frame_grabber | Frame grabber –∑–∞–ø—É—â–µ–Ω–æ
2026-01-10 12:23:13,320 | INFO | camera_source | –ö–∞–º–µ—Ä–∞ —É—Å–ø—ñ—à–Ω–æ –≤—ñ–¥–∫—Ä–∏—Ç–∞ (rtsp=False)
2026-01-10 12:23:24,399 | INFO | frame_grabber | Frame grabber –∑—É–ø–∏–Ω–µ–Ω–æ
2026-01-10 12:28:51,435 | INFO | scheduler | –ü–ª–∞–Ω—É–≤–∞–ª—å–Ω–∏–∫ –∑–∞–ø—É—â–µ–Ω–æ
2026-01-10 12:28:51,451 | INFO | scheduler | –ó–∞–ø–ª–∞–Ω–æ–≤–∞–Ω–æ —â–æ–¥–µ–Ω–Ω–∏–π –∑–∞–ø–∏—Å –æ 09:00
2026-01-10 12:29:09,492 | INFO | camera_source | –í—ñ–¥–∫—Ä–∏–≤–∞—é –ª–æ–∫–∞–ª—å–Ω—É –∫–∞–º–µ—Ä—É: index=0
2026-01-10 12:29:09,492 | INFO | frame_grabber | Frame grabber –∑–∞–ø—É—â–µ–Ω–æ
2026-01-10 12:29:10,491 | INFO | camera_source | –ö–∞–º–µ—Ä–∞ —É—Å–ø—ñ—à–Ω–æ –≤—ñ–¥–∫—Ä–∏—Ç–∞ (rtsp=False)
2026-01-10 12:32:08,066 | INFO | scheduler | –ü–ª–∞–Ω—É–≤–∞–ª—å–Ω–∏–∫ –∑–∞–ø—É—â–µ–Ω–æ
2026-01-10 12:32:08,066 | INFO | scheduler | –ó–∞–ø–ª–∞–Ω–æ–≤–∞–Ω–æ —â–æ–¥–µ–Ω–Ω–∏–π –∑–∞–ø–∏—Å –æ 09:00
2026-01-10 12:32:23,156 | INFO | frame_grabber | Frame grabber –∑–∞–ø—É—â–µ–Ω–æ
2026-01-10 12:32:23,155 | INFO | camera_source | –í—ñ–¥–∫—Ä–∏–≤–∞—é –ª–æ–∫–∞–ª—å–Ω—É –∫–∞–º–µ—Ä—É: index=0
2026-01-10 12:32:24,134 | INFO | camera_source | –ö–∞–º–µ—Ä–∞ —É—Å–ø—ñ—à–Ω–æ –≤—ñ–¥–∫—Ä–∏—Ç–∞ (rtsp=False)
2026-01-10 12:34:44,079 | INFO | scheduler | –ü–ª–∞–Ω—É–≤–∞–ª—å–Ω–∏–∫ –∑–∞–ø—É—â–µ–Ω–æ
2026-01-10 12:34:44,094 | INFO | scheduler | –ó–∞–ø–ª–∞–Ω–æ–≤–∞–Ω–æ —â–æ–¥–µ–Ω–Ω–∏–π –∑–∞–ø–∏—Å –æ 09:00
2026-01-10 12:34:59,758 | INFO | frame_grabber | Frame grabber –∑–∞–ø—É—â–µ–Ω–æ
2026-01-10 12:34:59,757 | INFO | camera_source | –í—ñ–¥–∫—Ä–∏–≤–∞—é –ª–æ–∫–∞–ª—å–Ω—É –∫–∞–º–µ—Ä—É: index=0
2026-01-10 12:35:00,747 | INFO | camera_source | –ö–∞–º–µ—Ä–∞ —É—Å–ø—ñ—à–Ω–æ –≤—ñ–¥–∫—Ä–∏—Ç–∞ (rtsp=False)
2026-01-10 12:36:47,096 | INFO | scheduler | –ü–ª–∞–Ω—É–≤–∞–ª—å–Ω–∏–∫ –∑–∞–ø—É—â–µ–Ω–æ
2026-01-10 12:36:47,096 | INFO | scheduler | –ó–∞–ø–ª–∞–Ω–æ–≤–∞–Ω–æ —â–æ–¥–µ–Ω–Ω–∏–π –∑–∞–ø–∏—Å –æ 09:00
2026-01-10 12:37:24,799 | INFO | camera_source | –í—ñ–¥–∫—Ä–∏–≤–∞—é –ª–æ–∫–∞–ª—å–Ω—É –∫–∞–º–µ—Ä—É: index=0
2026-01-10 12:37:24,800 | INFO | frame_grabber | Frame grabber –∑–∞–ø—É—â–µ–Ω–æ
2026-01-10 12:37:25,859 | INFO | camera_source | –ö–∞–º–µ—Ä–∞ —É—Å–ø—ñ—à–Ω–æ –≤—ñ–¥–∫—Ä–∏—Ç–∞ (rtsp=False)
2026-01-10 12:39:50,475 | INFO | scheduler | –ü–ª–∞–Ω—É–≤–∞–ª—å–Ω–∏–∫ –∑–∞–ø—É—â–µ–Ω–æ
2026-01-10 12:39:50,475 | INFO | scheduler | –ó–∞–ø–ª–∞–Ω–æ–≤–∞–Ω–æ —â–æ–¥–µ–Ω–Ω–∏–π –∑–∞–ø–∏—Å –æ 09:00
2026-01-10 12:40:10,775 | INFO | camera_source | –í—ñ–¥–∫—Ä–∏–≤–∞—é –ª–æ–∫–∞–ª—å–Ω—É –∫–∞–º–µ—Ä—É: index=0
2026-01-10 12:40:10,775 | INFO | frame_grabber | Frame grabber –∑–∞–ø—É—â–µ–Ω–æ
2026-01-10 12:40:11,651 | INFO | camera_source | –ö–∞–º–µ—Ä–∞ —É—Å–ø—ñ—à–Ω–æ –≤—ñ–¥–∫—Ä–∏—Ç–∞ (rtsp=False)
2026-01-10 12:40:27,936 | INFO | recorder | –¢–µ—Å—Ç–æ–≤–∏–π –∑–∞–ø–∏—Å –∑–±–µ—Ä–µ–∂–µ–Ω–æ: static\recordings\recording_1768041622.avi
2026-01-10 12:40:32,943 | INFO | camera_source | –í—ñ–¥–∫—Ä–∏–≤–∞—é –ª–æ–∫–∞–ª—å–Ω—É –∫–∞–º–µ—Ä—É: index=0
2026-01-10 12:40:33,487 | INFO | camera_source | –ö–∞–º–µ—Ä–∞ —É—Å–ø—ñ—à–Ω–æ –≤—ñ–¥–∫—Ä–∏—Ç–∞ (rtsp=False)
2026-01-10 12:40:34,699 | INFO | screenshot | –°–∫—Ä—ñ–Ω—à–æ—Ç –∑–±–µ—Ä–µ–∂–µ–Ω–æ: static\screenshots\screenshot_1768041634.jpg
2026-01-10 12:40:39,291 | INFO | frame_grabber | Frame grabber –∑—É–ø–∏–Ω–µ–Ω–æ
2026-01-10 12:40:41,870 | INFO | camera_source | –í—ñ–¥–∫—Ä–∏–≤–∞—é –ª–æ–∫–∞–ª—å–Ω—É –∫–∞–º–µ—Ä—É: index=0
2026-01-10 12:40:41,870 | INFO | frame_grabber | Frame grabber –∑–∞–ø—É—â–µ–Ω–æ
2026-01-10 12:40:42,103 | INFO | camera_source | –ö–∞–º–µ—Ä–∞ —É—Å–ø—ñ—à–Ω–æ –≤—ñ–¥–∫—Ä–∏—Ç–∞ (rtsp=False)
2026-01-10 12:40:45,895 | INFO | frame_grabber | Frame grabber –∑—É–ø–∏–Ω–µ–Ω–æ
2026-01-10 12:43:08,047 | INFO | camera_source | –í—ñ–¥–∫—Ä–∏–≤–∞—é –ª–æ–∫–∞–ª—å–Ω—É –∫–∞–º–µ—Ä—É: index=0
2026-01-10 12:43:08,047 | INFO | frame_grabber | Frame grabber –∑–∞–ø—É—â–µ–Ω–æ
2026-01-10 12:43:09,360 | INFO | camera_source | –ö–∞–º–µ—Ä–∞ —É—Å–ø—ñ—à–Ω–æ –≤—ñ–¥–∫—Ä–∏—Ç–∞ (rtsp=False)
2026-01-10 12:43:18,433 | INFO | frame_grabber | Frame grabber –∑—É–ø–∏–Ω–µ–Ω–æ
2026-01-10 12:46:12,228 | INFO | scheduler | –ü–ª–∞–Ω—É–≤–∞–ª—å–Ω–∏–∫ –∑–∞–ø—É—â–µ–Ω–æ
2026-01-10 12:46:12,228 | INFO | scheduler | –ó–∞–ø–ª–∞–Ω–æ–≤–∞–Ω–æ —â–æ–¥–µ–Ω–Ω–∏–π –∑–∞–ø–∏—Å –æ 09:00
2026-01-10 12:46:31,526 | INFO | camera_source | –í—ñ–¥–∫—Ä–∏–≤–∞—é –ª–æ–∫–∞–ª—å–Ω—É –∫–∞–º–µ—Ä—É: index=0
2026-01-10 12:46:31,526 | INFO | frame_grabber | Frame grabber –∑–∞–ø—É—â–µ–Ω–æ
2026-01-10 12:46:32,432 | INFO | camera_source | –ö–∞–º–µ—Ä–∞ —É—Å–ø—ñ—à–Ω–æ –≤—ñ–¥–∫—Ä–∏—Ç–∞ (rtsp=False)
2026-01-10 12:46:54,022 | INFO | frame_grabber | Frame grabber –∑—É–ø–∏–Ω–µ–Ω–æ
2026-01-10 12:46:55,452 | INFO | camera_source | –í—ñ–¥–∫—Ä–∏–≤–∞—é –ª–æ–∫–∞–ª—å–Ω—É –∫–∞–º–µ—Ä—É: index=0
2026-01-10 12:46:55,452 | INFO | frame_grabber | Frame grabber –∑–∞–ø—É—â–µ–Ω–æ
2026-01-10 12:46:55,672 | INFO | camera_source | –ö–∞–º–µ—Ä–∞ —É—Å–ø—ñ—à–Ω–æ –≤—ñ–¥–∫—Ä–∏—Ç–∞ (rtsp=False)
2026-01-10 12:46:59,938 | INFO | frame_grabber | Frame grabber –∑—É–ø–∏–Ω–µ–Ω–æ
2026-01-10 12:50:55,759 | INFO | scheduler | –ü–ª–∞–Ω—É–≤–∞–ª—å–Ω–∏–∫ –∑–∞–ø—É—â–µ–Ω–æ
2026-01-10 12:50:55,759 | INFO | scheduler | –ó–∞–ø–ª–∞–Ω–æ–≤–∞–Ω–æ —â–æ–¥–µ–Ω–Ω–∏–π –∑–∞–ø–∏—Å –æ 09:00
2026-01-10 12:51:11,161 | INFO | camera_source | –í—ñ–¥–∫—Ä–∏–≤–∞—é –ª–æ–∫–∞–ª—å–Ω—É –∫–∞–º–µ—Ä—É: index=0
2026-01-10 12:51:11,161 | INFO | frame_grabber | Frame grabber –∑–∞–ø—É—â–µ–Ω–æ
2026-01-10 12:51:12,008 | INFO | camera_source | –ö–∞–º–µ—Ä–∞ —É—Å–ø—ñ—à–Ω–æ –≤—ñ–¥–∫—Ä–∏—Ç–∞ (rtsp=False)
2026-01-10 12:51:32,411 | INFO | frame_grabber | Frame grabber –∑—É–ø–∏–Ω–µ–Ω–æ
2026-01-10 13:03:49,330 | INFO | scheduler | –ü–ª–∞–Ω—É–≤–∞–ª—å–Ω–∏–∫ –∑–∞–ø—É—â–µ–Ω–æ
2026-01-10 13:03:49,346 | INFO | scheduler | –ó–∞–ø–ª–∞–Ω–æ–≤–∞–Ω–æ —â–æ–¥–µ–Ω–Ω–∏–π –∑–∞–ø–∏—Å –æ 09:00
2026-01-10 16:40:00,308 | INFO | scheduler | –ü–ª–∞–Ω—É–≤–∞–ª—å–Ω–∏–∫ –∑–∞–ø—É—â–µ–Ω–æ
2026-01-10 16:40:00,373 | INFO | scheduler | –ó–∞–ø–ª–∞–Ω–æ–≤–∞–Ω–æ —â–æ–¥–µ–Ω–Ω–∏–π –∑–∞–ø–∏—Å –æ 09:00
2026-01-10 16:43:27,329 | INFO | scheduler | –ü–ª–∞–Ω—É–≤–∞–ª—å–Ω–∏–∫ –∑–∞–ø—É—â–µ–Ω–æ
2026-01-10 16:43:27,329 | INFO | scheduler | –ó–∞–ø–ª–∞–Ω–æ–≤–∞–Ω–æ —â–æ–¥–µ–Ω–Ω–∏–π –∑–∞–ø–∏—Å –æ 09:00
2026-01-10 16:45:52,240 | INFO | scheduler | –ü–ª–∞–Ω—É–≤–∞–ª—å–Ω–∏–∫ –∑–∞–ø—É—â–µ–Ω–æ
2026-01-10 16:45:52,240 | INFO | scheduler | –ó–∞–ø–ª–∞–Ω–æ–≤–∞–Ω–æ —â–æ–¥–µ–Ω–Ω–∏–π –∑–∞–ø–∏—Å –æ 09:00
2026-01-10 16:46:14,192 | INFO | frame_grabber | Frame grabber –∑–∞–ø—É—â–µ–Ω–æ
Ω—É –∫–∞–º–µ—Ä—É: index=0
2026-01-10 16:46:15,358 | INFO | camera_source | –ö–∞–º–µ—Ä–∞ —É—Å–ø—ñ—à–Ω–æ –≤—ñ–¥–∫—Ä–∏—Ç–∞ (rtsp=False)
2026-01-10 16:46:26,963 | INFO | frame_grabber | Frame grabber –∑—É–ø–∏–Ω–µ–Ω–æ
2026-01-10 16:46:28,478 | INFO | frame_grabber | Frame grabber –∑–∞–ø—É—â–µ–Ω–æ
2026-01-10 16:46:28,478 | INFO | camera_source | –í—ñ–¥–∫—Ä–∏–≤–∞—é –ª–æ–∫–∞–ª—å–Ω—É –∫–∞–º–µ—Ä—É: index=0
2026-01-10 16:46:28,709 | INFO | camera_source | –ö–∞–º–µ—Ä–∞ —É—Å–ø—ñ—à–Ω–æ –≤—ñ–¥–∫—Ä–∏—Ç–∞ (rtsp=False)
2026-01-10 16:46:46,752 | INFO | frame_grabber | Frame grabber –∑—É–ø–∏–Ω–µ–Ω–æ
2026-01-10 16:58:12,822 | INFO | scheduler | –ü–ª–∞–Ω—É–≤–∞–ª—å–Ω–∏–∫ –∑–∞–ø—É—â–µ–Ω–æ
2026-01-10 16:58:12,822 | INFO | scheduler | –ó–∞–ø–ª–∞–Ω–æ–≤–∞–Ω–æ —â–æ–¥–µ–Ω–Ω–∏–π –∑–∞–ø–∏—Å –æ 09:00
2026-01-10 16:58:38,440 | INFO | frame_grabber | Frame grabber –∑–∞–ø—É—â–µ–Ω–æ
2026-01-10 16:58:38,440 | INFO | camera_source | –í—ñ–¥–∫—Ä–∏–≤–∞—é –ª–æ–∫–∞–ª—å–Ω—É –∫–∞–º–µ—Ä—É: index=0
2026-01-10 16:58:39,524 | INFO | camera_source | –ö–∞–º–µ—Ä–∞ —É—Å–ø—ñ—à–Ω–æ –≤—ñ–¥–∫—Ä–∏—Ç–∞ (rtsp=False)
2026-01-10 16:58:47,251 | INFO | frame_grabber | Frame grabber –∑—É–ø–∏–Ω–µ–Ω–æ
2026-01-10 16:58:47,398 | INFO | frame_grabber | Frame grabber –∑–∞–ø—É—â–µ–Ω–æ
2026-01-10 16:58:47,396 | INFO | camera_source | –í—ñ–¥–∫—Ä–∏–≤–∞—é –ª–æ–∫–∞–ª—å–Ω—É –∫–∞–º–µ—Ä—É: index=0
2026-01-10 16:58:47,656 | INFO | camera_source | –ö–∞–º–µ—Ä–∞ —É—Å–ø—ñ—à–Ω–æ –≤—ñ–¥–∫—Ä–∏—Ç–∞ (rtsp=False)
2026-01-10 16:58:51,562 | INFO | frame_grabber | Frame grabber –∑—É–ø–∏–Ω–µ–Ω–æ
2026-01-10 17:02:05,478 | INFO | scheduler | –ü–ª–∞–Ω—É–≤–∞–ª—å–Ω–∏–∫ –∑–∞–ø—É—â–µ–Ω–æ
2026-01-10 17:02:05,478 | INFO | scheduler | –ó–∞–ø–ª–∞–Ω–æ–≤–∞–Ω–æ —â–æ–¥–µ–Ω–Ω–∏–π –∑–∞–ø–∏—Å –æ 09:00
2026-01-10 17:02:33,569 | INFO | camera_source | –í—ñ–¥–∫—Ä–∏–≤–∞—é –ª–æ–∫–∞–ª—å–Ω—É –∫–∞–º–µ—Ä—É: index=0
2026-01-10 17:02:33,569 | INFO | frame_grabber | Frame grabber –∑–∞–ø—É—â–µ–Ω–æ
2026-01-10 17:02:34,786 | INFO | camera_source | –ö–∞–º–µ—Ä–∞ —É—Å–ø—ñ—à–Ω–æ –≤—ñ–¥–∫—Ä–∏—Ç–∞ (rtsp=False)
2026-01-10 17:02:47,472 | INFO | frame_grabber | Frame grabber –∑—É–ø–∏–Ω–µ–Ω–æ
2026-01-10 17:02:48,605 | INFO | camera_source | –í—ñ–¥–∫—Ä–∏–≤–∞—é –ª–æ–∫–∞–ª—å–Ω—É –∫–∞–º–µ—Ä—É: index=0
2026-01-10 17:02:48,605 | INFO | frame_grabber | Frame grabber –∑–∞–ø—É—â–µ–Ω–æ
2026-01-10 17:02:48,801 | INFO | camera_source | –ö–∞–º–µ—Ä–∞ —É—Å–ø—ñ—à–Ω–æ –≤—ñ–¥–∫—Ä–∏—Ç–∞ (rtsp=False)
2026-01-10 17:02:50,937 | INFO | frame_grabber | Frame grabber –∑—É–ø–∏–Ω–µ–Ω–æ
2026-01-10 17:02:51,872 | INFO | camera_source | –í—ñ–¥–∫—Ä–∏–≤–∞—é –ª–æ–∫–∞–ª—å–Ω—É –∫–∞–º–µ—Ä—É: index=0
2026-01-10 17:02:51,872 | INFO | frame_grabber | Frame grabber –∑–∞–ø—É—â–µ–Ω–æ
2026-01-10 17:02:52,008 | INFO | camera_source | –ö–∞–º–µ—Ä–∞ —É—Å–ø—ñ—à–Ω–æ –≤—ñ–¥–∫—Ä–∏—Ç–∞ (rtsp=False)
2026-01-10 17:02:53,373 | INFO | frame_grabber | Frame grabber –∑—É–ø–∏–Ω–µ–Ω–æ
2026-01-10 17:02:53,529 | INFO | frame_grabber | Frame grabber –∑—É–ø–∏–Ω–µ–Ω–æ
2026-01-10 17:02:54,337 | INFO | camera_source | –í—ñ–¥–∫—Ä–∏–≤–∞—é –ª–æ–∫–∞–ª—å–Ω—É –∫–∞–º–µ—Ä—É: index=0
2026-01-10 17:02:54,337 | INFO | frame_grabber | Frame grabber –∑–∞–ø—É—â–µ–Ω–æ
2026-01-10 17:02:54,467 | INFO | camera_source | –ö–∞–º–µ—Ä–∞ —É—Å–ø—ñ—à–Ω–æ –≤—ñ–¥–∫—Ä–∏—Ç–∞ (rtsp=False)
2026-01-10 17:02:56,125 | INFO | frame_grabber | Frame grabber –∑—É–ø–∏–Ω–µ–Ω–æ
2026-01-10 17:02:56,937 | INFO | camera_source | –í—ñ–¥–∫—Ä–∏–≤–∞—é –ª–æ–∫–∞–ª—å–Ω—É –∫–∞–º–µ—Ä—É: index=0
2026-01-10 17:02:56,937 | INFO | frame_grabber | Frame grabber –∑–∞–ø—É—â–µ–Ω–æ
2026-01-10 17:02:57,065 | INFO | camera_source | –ö–∞–º–µ—Ä–∞ —É—Å–ø—ñ—à–Ω–æ –≤—ñ–¥–∫—Ä–∏—Ç–∞ (rtsp=False)
2026-01-10 17:03:01,357 | INFO | frame_grabber | Frame grabber –∑—É–ø–∏–Ω–µ–Ω–æ
2026-01-10 17:03:01,577 | INFO | frame_grabber | Frame grabber –∑—É–ø–∏–Ω–µ–Ω–æ
2026-01-10 17:03:07,583 | INFO | camera_source | –í—ñ–¥–∫—Ä–∏–≤–∞—é –ª–æ–∫–∞–ª—å–Ω—É –∫–∞–º–µ—Ä—É: index=0
2026-01-10 17:03:07,583 | INFO | frame_grabber | Frame grabber –∑–∞–ø—É—â–µ–Ω–æ
2026-01-10 17:03:07,704 | INFO | frame_grabber | Frame grabber –∑–∞–ø—É—â–µ–Ω–æ
Ω—É –∫–∞–º–µ—Ä—É: index=0
2026-01-10 17:03:07,808 | INFO | camera_source | –ö–∞–º–µ—Ä–∞ —É—Å–ø—ñ—à–Ω–æ –≤—ñ–¥–∫—Ä–∏—Ç–∞ (rtsp=False)
2026-01-10 17:03:08,135 | INFO | camera_source | –ö–∞–º–µ—Ä–∞ —É—Å–ø—ñ—à–Ω–æ –≤—ñ–¥–∫—Ä–∏—Ç–∞ (rtsp=False)
2026-01-10 17:03:11,485 | INFO | frame_grabber | Frame grabber –∑–∞–ø—É—â–µ–Ω–æ
2026-01-10 17:03:11,485 | INFO | camera_source | –í—ñ–¥–∫—Ä–∏–≤–∞—é –ª–æ–∫–∞–ª—å–Ω—É –∫–∞–º–µ—Ä—É: index=0
2026-01-10 17:03:11,678 | INFO | camera_source | –ö–∞–º–µ—Ä–∞ —É—Å–ø—ñ—à–Ω–æ –≤—ñ–¥–∫—Ä–∏—Ç–∞ (rtsp=False)
2026-01-10 17:03:15,646 | INFO | frame_grabber | Frame grabber –∑—É–ø–∏–Ω–µ–Ω–æ
2026-01-10 17:03:15,790 | INFO | frame_grabber | Frame grabber –∑—É–ø–∏–Ω–µ–Ω–æ
2026-01-10 17:03:16,952 | INFO | camera_source | –í—ñ–¥–∫—Ä–∏–≤–∞—é –ª–æ–∫–∞–ª—å–Ω—É –∫–∞–º–µ—Ä—É: index=0
2026-01-10 17:03:16,952 | INFO | frame_grabber | Frame grabber –∑–∞–ø—É—â–µ–Ω–æ
2026-01-10 17:03:17,152 | INFO | frame_grabber | Frame grabber –∑–∞–ø—É—â–µ–Ω–æ
2026-01-10 17:03:17,151 | INFO | camera_source | –í—ñ–¥–∫—Ä–∏–≤–∞—é –ª–æ–∫–∞–ª—å–Ω—É –∫–∞–º–µ—Ä—É: index=0
2026-01-10 17:03:17,219 | INFO | camera_source | –ö–∞–º–µ—Ä–∞ —É—Å–ø—ñ—à–Ω–æ –≤—ñ–¥–∫—Ä–∏—Ç–∞ (rtsp=False)
2026-01-10 17:03:17,533 | INFO | camera_source | –ö–∞–º–µ—Ä–∞ —É—Å–ø—ñ—à–Ω–æ –≤—ñ–¥–∫—Ä–∏—Ç–∞ (rtsp=False)
2026-01-10 17:03:18,336 | INFO | camera_source | –í—ñ–¥–∫—Ä–∏–≤–∞—é –ª–æ–∫–∞–ª—å–Ω—É –∫–∞–º–µ—Ä—É: index=0
2026-01-10 17:03:18,336 | INFO | frame_grabber | Frame grabber –∑–∞–ø—É—â–µ–Ω–æ
2026-01-10 17:03:18,443 | INFO | camera_source | –ö–∞–º–µ—Ä–∞ —É—Å–ø—ñ—à–Ω–æ –≤—ñ–¥–∫—Ä–∏—Ç–∞ (rtsp=False)
2026-01-10 17:03:24,068 | INFO | frame_grabber | Frame grabber –∑—É–ø–∏–Ω–µ–Ω–æ
2026-01-10 17:03:24,488 | INFO | frame_grabber | Frame grabber –∑—É–ø–∏–Ω–µ–Ω–æ
2026-01-10 17:03:25,472 | INFO | camera_source | –í—ñ–¥–∫—Ä–∏–≤–∞—é –ª–æ–∫–∞–ª—å–Ω—É –∫–∞–º–µ—Ä—É: index=0
2026-01-10 17:03:25,472 | INFO | frame_grabber | Frame grabber –∑–∞–ø—É—â–µ–Ω–æ
2026-01-10 17:03:25,656 | INFO | camera_source | –ö–∞–º–µ—Ä–∞ —É—Å–ø—ñ—à–Ω–æ –≤—ñ–¥–∫—Ä–∏—Ç–∞ (rtsp=False)
2026-01-10 17:03:49,469 | INFO | frame_grabber | Frame grabber –∑–∞–ø—É—â–µ–Ω–æ
2026-01-10 17:03:49,469 | INFO | camera_source | –í—ñ–¥–∫—Ä–∏–≤–∞—é –ª–æ–∫–∞–ª—å–Ω—É –∫–∞–º–µ—Ä—É: index=0
2026-01-10 17:03:49,816 | INFO | camera_source | –ö–∞–º–µ—Ä–∞ —É—Å–ø—ñ—à–Ω–æ –≤—ñ–¥–∫—Ä–∏—Ç–∞ (rtsp=False)
2026-01-10 17:04:17,254 | INFO | frame_grabber | Frame grabber –∑—É–ø–∏–Ω–µ–Ω–æ
2026-01-10 17:04:18,848 | INFO | camera_source | –í—ñ–¥–∫—Ä–∏–≤–∞—é –ª–æ–∫–∞–ª—å–Ω—É –∫–∞–º–µ—Ä—É: index=0
2026-01-10 17:04:18,848 | INFO | frame_grabber | Frame grabber –∑–∞–ø—É—â–µ–Ω–æ
2026-01-10 17:04:19,075 | INFO | camera_source | –ö–∞–º–µ—Ä–∞ —É—Å–ø—ñ—à–Ω–æ –≤—ñ–¥–∫—Ä–∏—Ç–∞ (rtsp=False)
2026-01-10 17:04:20,448 | INFO | frame_grabber | Frame grabber –∑—É–ø–∏–Ω–µ–Ω–æ
2026-01-10 17:04:21,132 | INFO | frame_grabber | Frame grabber –∑—É–ø–∏–Ω–µ–Ω–æ
2026-01-10 17:04:21,862 | INFO | camera_source | –í—ñ–¥–∫—Ä–∏–≤–∞—é –ª–æ–∫–∞–ª—å–Ω—É –∫–∞–º–µ—Ä—É: index=0
2026-01-10 17:04:21,863 | INFO | frame_grabber | Frame grabber –∑–∞–ø—É—â–µ–Ω–æ
2026-01-10 17:04:22,046 | INFO | camera_source | –ö–∞–º–µ—Ä–∞ —É—Å–ø—ñ—à–Ω–æ –≤—ñ–¥–∫—Ä–∏—Ç–∞ (rtsp=False)
2026-01-10 17:04:24,552 | INFO | frame_grabber | Frame grabber –∑—É–ø–∏–Ω–µ–Ω–æ
2026-01-10 17:04:29,631 | INFO | camera_source | –í—ñ–¥–∫—Ä–∏–≤–∞—é –ª–æ–∫–∞–ª—å–Ω—É –∫–∞–º–µ—Ä—É: index=0
2026-01-10 17:04:29,631 | INFO | frame_grabber | Frame grabber –∑–∞–ø—É—â–µ–Ω–æ
2026-01-10 17:04:29,851 | INFO | camera_source | –ö–∞–º–µ—Ä–∞ —É—Å–ø—ñ—à–Ω–æ –≤—ñ–¥–∫—Ä–∏—Ç–∞ (rtsp=False)
2026-01-10 17:04:32,622 | INFO | frame_grabber | Frame grabber –∑—É–ø–∏–Ω–µ–Ω–æ
2026-01-10 17:10:15,197 | INFO | scheduler | –ü–ª–∞–Ω—É–≤–∞–ª—å–Ω–∏–∫ –∑–∞–ø—É—â–µ–Ω–æ
2026-01-10 17:10:15,213 | INFO | scheduler | –ó–∞–ø–ª–∞–Ω–æ–≤–∞–Ω–æ —â–æ–¥–µ–Ω–Ω–∏–π –∑–∞–ø–∏—Å –æ 09:00
2026-01-10 17:10:33,044 | INFO | frame_grabber | Frame grabber –∑–∞–ø—É—â–µ–Ω–æ
2026-01-10 17:10:33,044 | INFO | camera_source | –í—ñ–¥–∫—Ä–∏–≤–∞—é –ª–æ–∫–∞–ª—å–Ω—É –∫–∞–º–µ—Ä—É: index=0
2026-01-10 17:10:33,914 | INFO | camera_source | –ö–∞–º–µ—Ä–∞ —É—Å–ø—ñ—à–Ω–æ –≤—ñ–¥–∫—Ä–∏—Ç–∞ (rtsp=False)
2026-01-10 17:10:39,082 | INFO | frame_grabber | Frame grabber –∑—É–ø–∏–Ω–µ–Ω–æ
2026-01-10 17:10:42,311 | INFO | frame_grabber | Frame grabber –∑–∞–ø—É—â–µ–Ω–æ
2026-01-10 17:10:42,310 | INFO | camera_source | –í—ñ–¥–∫—Ä–∏–≤–∞—é –ª–æ–∫–∞–ª—å–Ω—É –∫–∞–º–µ—Ä—É: index=0
2026-01-10 17:10:42,533 | INFO | camera_source | –ö–∞–º–µ—Ä–∞ —É—Å–ø—ñ—à–Ω–æ –≤—ñ–¥–∫—Ä–∏—Ç–∞ (rtsp=False)
2026-01-10 17:10:48,582 | INFO | frame_grabber | Frame grabber –∑—É–ø–∏–Ω–µ–Ω–æ
2026-01-10 17:10:51,608 | INFO | camera_source | –í—ñ–¥–∫—Ä–∏–≤–∞—é –ª–æ–∫–∞–ª—å–Ω—É –∫–∞–º–µ—Ä—É: index=0
2026-01-10 17:10:51,608 | INFO | frame_grabber | Frame grabber –∑–∞–ø—É—â–µ–Ω–æ
2026-01-10 17:10:51,824 | INFO | camera_source | –ö–∞–º–µ—Ä–∞ —É—Å–ø—ñ—à–Ω–æ –≤—ñ–¥–∫—Ä–∏—Ç–∞ (rtsp=False)
2026-01-10 17:10:55,558 | INFO | frame_grabber | Frame grabber –∑—É–ø–∏–Ω–µ–Ω–æ
2026-01-10 17:10:58,258 | INFO | camera_source | –í—ñ–¥–∫—Ä–∏–≤–∞—é –ª–æ–∫–∞–ª—å–Ω—É –∫–∞–º–µ—Ä—É: index=0
2026-01-10 17:10:58,258 | INFO | frame_grabber | Frame grabber –∑–∞–ø—É—â–µ–Ω–æ
2026-01-10 17:10:58,470 | INFO | camera_source | –ö–∞–º–µ—Ä–∞ —É—Å–ø—ñ—à–Ω–æ –≤—ñ–¥–∫—Ä–∏—Ç–∞ (rtsp=False)
2026-01-10 17:11:01,795 | INFO | frame_grabber | Frame grabber –∑—É–ø–∏–Ω–µ–Ω–æ
2026-01-10 17:11:50,393 | INFO | frame_grabber | Frame grabber –∑–∞–ø—É—â–µ–Ω–æ
2026-01-10 17:11:50,392 | INFO | camera_source | –í—ñ–¥–∫—Ä–∏–≤–∞—é –ª–æ–∫–∞–ª—å–Ω—É –∫–∞–º–µ—Ä—É: index=0
2026-01-10 17:11:50,819 | INFO | camera_source | –ö–∞–º–µ—Ä–∞ —É—Å–ø—ñ—à–Ω–æ –≤—ñ–¥–∫—Ä–∏—Ç–∞ (rtsp=False)
2026-01-10 17:11:58,061 | INFO | camera_source | –í—ñ–¥–∫—Ä–∏–≤–∞—é –ª–æ–∫–∞–ª—å–Ω—É –∫–∞–º–µ—Ä—É: index=0
2026-01-10 17:11:58,698 | INFO | camera_source | –ö–∞–º–µ—Ä–∞ —É—Å–ø—ñ—à–Ω–æ –≤—ñ–¥–∫—Ä–∏—Ç–∞ (rtsp=False)
2026-01-10 17:11:59,381 | INFO | screenshot | –°–∫—Ä—ñ–Ω—à–æ—Ç –∑–±–µ—Ä–µ–∂–µ–Ω–æ: static\screenshots\screenshot_1768057919.jpg
2026-01-10 17:12:03,639 | INFO | camera_source | –í—ñ–¥–∫—Ä–∏–≤–∞—é –ª–æ–∫–∞–ª—å–Ω—É –∫–∞–º–µ—Ä—É: index=0
2026-01-10 17:12:03,639 | INFO | frame_grabber | Frame grabber –∑–∞–ø—É—â–µ–Ω–æ
2026-01-10 17:12:03,805 | INFO | camera_source | –ö–∞–º–µ—Ä–∞ —É—Å–ø—ñ—à–Ω–æ –≤—ñ–¥–∫—Ä–∏—Ç–∞ (rtsp=False)
2026-01-10 17:12:11,188 | INFO | recorder | –¢–µ—Å—Ç–æ–≤–∏–π –∑–∞–ø–∏—Å –∑–±–µ—Ä–µ–∂–µ–Ω–æ: static\recordings\recording_1768057926.avi
2026-01-10 17:12:25,439 | INFO | recorder | –¢–µ—Å—Ç–æ–≤–∏–π –∑–∞–ø–∏—Å –∑–±–µ—Ä–µ–∂–µ–Ω–æ: static\recordings\recording_1768057940.avi
2026-01-10 17:12:44,579 | INFO | frame_grabber | Frame grabber –∑—É–ø–∏–Ω–µ–Ω–æ
2026-01-10 18:16:58,639 | INFO | scheduler | –ü–ª–∞–Ω—É–≤–∞–ª—å–Ω–∏–∫ –∑–∞–ø—É—â–µ–Ω–æ
2026-01-10 18:16:58,639 | INFO | scheduler | –ó–∞–ø–ª–∞–Ω–æ–≤–∞–Ω–æ —â–æ–¥–µ–Ω–Ω–∏–π –∑–∞–ø–∏—Å –æ 09:00
2026-01-10 18:17:14,488 | INFO | camera_source | –í—ñ–¥–∫—Ä–∏–≤–∞—é –ª–æ–∫–∞–ª—å–Ω—É –∫–∞–º–µ—Ä—É: index=0
2026-01-10 18:17:14,488 | INFO | frame_grabber | Frame grabber –∑–∞–ø—É—â–µ–Ω–æ
2026-01-10 18:17:15,303 | INFO | camera_source | –ö–∞–º–µ—Ä–∞ —É—Å–ø—ñ—à–Ω–æ –≤—ñ–¥–∫—Ä–∏—Ç–∞ (rtsp=False)
2026-01-10 18:17:20,189 | INFO | frame_grabber | Frame grabber –∑—É–ø–∏–Ω–µ–Ω–æ
2026-01-10 18:17:22,587 | INFO | camera_source | –í—ñ–¥–∫—Ä–∏–≤–∞—é –ª–æ–∫–∞–ª—å–Ω—É –∫–∞–º–µ—Ä—É: index=0
2026-01-10 18:17:22,587 | INFO | frame_grabber | Frame grabber –∑–∞–ø—É—â–µ–Ω–æ
2026-01-10 18:17:22,806 | INFO | camera_source | –ö–∞–º–µ—Ä–∞ —É—Å–ø—ñ—à–Ω–æ –≤—ñ–¥–∫—Ä–∏—Ç–∞ (rtsp=False)
2026-01-10 18:17:25,174 | INFO | frame_grabber | Frame grabber –∑—É–ø–∏–Ω–µ–Ω–æ
2026-01-10 18:17:27,216 | INFO | camera_source | –í—ñ–¥–∫—Ä–∏–≤–∞—é –ª–æ–∫–∞–ª—å–Ω—É –∫–∞–º–µ—Ä—É: index=0
2026-01-10 18:17:27,216 | INFO | frame_grabber | Frame grabber –∑–∞–ø—É—â–µ–Ω–æ
2026-01-10 18:17:27,400 | INFO | camera_source | –ö–∞–º–µ—Ä–∞ —É—Å–ø—ñ—à–Ω–æ –≤—ñ–¥–∫—Ä–∏—Ç–∞ (rtsp=False)
2026-01-10 18:18:24,820 | INFO | frame_grabber | Frame grabber –∑—É–ø–∏–Ω–µ–Ω–æ
2026-01-11 11:47:03,666 | INFO | scheduler | –ü–ª–∞–Ω—É–≤–∞–ª—å–Ω–∏–∫ –∑–∞–ø—É—â–µ–Ω–æ
2026-01-11 11:47:03,717 | INFO | scheduler | –ó–∞–ø–ª–∞–Ω–æ–≤–∞–Ω–æ —â–æ–¥–µ–Ω–Ω–∏–π –∑–∞–ø–∏—Å –æ 09:00
2026-01-11 11:47:27,920 | INFO | camera_source | –í—ñ–¥–∫—Ä–∏–≤–∞—é –ª–æ–∫–∞–ª—å–Ω—É –∫–∞–º–µ—Ä—É: index=0
2026-01-11 11:47:27,920 | INFO | frame_grabber | Frame grabber –∑–∞–ø—É—â–µ–Ω–æ
2026-01-11 11:47:29,023 | INFO | camera_source | –ö–∞–º–µ—Ä–∞ —É—Å–ø—ñ—à–Ω–æ –≤—ñ–¥–∫—Ä–∏—Ç–∞ (rtsp=False)
2026-01-11 11:47:39,141 | INFO | frame_grabber | Frame grabber –∑—É–ø–∏–Ω–µ–Ω–æ
2026-01-11 11:47:42,008 | INFO | frame_grabber | Frame grabber –∑–∞–ø—É—â–µ–Ω–æ
2026-01-11 11:47:42,007 | INFO | camera_source | –í—ñ–¥–∫—Ä–∏–≤–∞—é –ª–æ–∫–∞–ª—å–Ω—É –∫–∞–º–µ—Ä—É: index=0
2026-01-11 11:47:42,385 | INFO | camera_source | –ö–∞–º–µ—Ä–∞ —É—Å–ø—ñ—à–Ω–æ –≤—ñ–¥–∫—Ä–∏—Ç–∞ (rtsp=False)
2026-01-11 11:47:51,039 | INFO | frame_grabber | Frame grabber –∑—É–ø–∏–Ω–µ–Ω–æ
2026-01-11 11:47:53,410 | INFO | camera_source | –í—ñ–¥–∫—Ä–∏–≤–∞—é –ª–æ–∫–∞–ª—å–Ω—É –∫–∞–º–µ—Ä—É: index=0
2026-01-11 11:47:53,410 | INFO | frame_grabber | Frame grabber –∑–∞–ø—É—â–µ–Ω–æ
2026-01-11 11:47:53,617 | INFO | camera_source | –ö–∞–º–µ—Ä–∞ —É—Å–ø—ñ—à–Ω–æ –≤—ñ–¥–∫—Ä–∏—Ç–∞ (rtsp=False)
2026-01-11 11:47:57,776 | INFO | frame_grabber | Frame grabber –∑—É–ø–∏–Ω–µ–Ω–æ
2026-01-11 12:14:01,277 | INFO | frame_grabber | Frame grabber –∑–∞–ø—É—â–µ–Ω–æ
Ω—É –∫–∞–º–µ—Ä—É: index=0
2026-01-11 12:14:03,540 | INFO | camera_source | –ö–∞–º–µ—Ä–∞ —É—Å–ø—ñ—à–Ω–æ –≤—ñ–¥–∫—Ä–∏—Ç–∞ (rtsp=False)
2026-01-11 12:14:11,785 | INFO | frame_grabber | Frame grabber –∑—É–ø–∏–Ω–µ–Ω–æ
2026-01-11 12:15:02,698 | INFO | camera_source | –í—ñ–¥–∫—Ä–∏–≤–∞—é –ª–æ–∫–∞–ª—å–Ω—É –∫–∞–º–µ—Ä—É: index=0
2026-01-11 12:15:02,698 | INFO | frame_grabber | Frame grabber –∑–∞–ø—É—â–µ–Ω–æ
2026-01-11 12:15:03,116 | INFO | camera_source | –ö–∞–º–µ—Ä–∞ —É—Å–ø—ñ—à–Ω–æ –≤—ñ–¥–∫—Ä–∏—Ç–∞ (rtsp=False)
2026-01-11 12:15:06,199 | INFO | frame_grabber | Frame grabber –∑—É–ø–∏–Ω–µ–Ω–æ
2026-01-12 19:13:53,762 | INFO | scheduler | –ü–ª–∞–Ω—É–≤–∞–ª—å–Ω–∏–∫ –∑–∞–ø—É—â–µ–Ω–æ
2026-01-12 19:13:53,816 | INFO | scheduler | –ó–∞–ø–ª–∞–Ω–æ–≤–∞–Ω–æ —â–æ–¥–µ–Ω–Ω–∏–π –∑–∞–ø–∏—Å –æ 09:00
2026-01-12 19:14:12,708 | INFO | frame_grabber | Frame grabber –∑–∞–ø—É—â–µ–Ω–æ
2026-01-12 19:14:14,232 | INFO | frame_grabber | Frame grabber –∑–∞–ø—É—â–µ–Ω–æ
2026-01-12 19:14:15,623 | INFO | frame_grabber | Frame grabber –∑–∞–ø—É—â–µ–Ω–æ
2026-01-12 19:14:16,320 | INFO | frame_grabber | Frame grabber –∑–∞–ø—É—â–µ–Ω–æ
2026-01-12 19:14:18,982 | INFO | frame_grabber | –ö–∞–º–µ—Ä–∞ –∑–Ω–∞–π–¥–µ–Ω–∞ –Ω–∞ —ñ–Ω–¥–µ–∫—Å—ñ 0
2026-01-12 19:14:22,017 | INFO | frame_grabber | Frame grabber –∑—É–ø–∏–Ω–µ–Ω–æ
2026-01-12 19:14:23,986 | INFO | frame_grabber | –ö–∞–º–µ—Ä–∞ –∑–Ω–∞–π–¥–µ–Ω–∞ –Ω–∞ —ñ–Ω–¥–µ–∫—Å—ñ 0
2026-01-12 19:14:29,024 | INFO | frame_grabber | –ö–∞–º–µ—Ä–∞ –∑–Ω–∞–π–¥–µ–Ω–∞ –Ω–∞ —ñ–Ω–¥–µ–∫—Å—ñ 0
2026-01-12 19:14:34,713 | INFO | frame_grabber | –ö–∞–º–µ—Ä–∞ –∑–Ω–∞–π–¥–µ–Ω–∞ –Ω–∞ —ñ–Ω–¥–µ–∫—Å—ñ 0
2026-01-12 19:14:36,712 | INFO | frame_grabber | Frame grabber –∑—É–ø–∏–Ω–µ–Ω–æ
2026-01-12 19:14:39,920 | INFO | frame_grabber | Frame grabber –∑–∞–ø—É—â–µ–Ω–æ
2026-01-12 19:14:40,102 | INFO | frame_grabber | –ö–∞–º–µ—Ä–∞ –∑–Ω–∞–π–¥–µ–Ω–∞ –Ω–∞ —ñ–Ω–¥–µ–∫—Å—ñ 0
2026-01-12 19:14:47,056 | INFO | frame_grabber | Frame grabber –∑—É–ø–∏–Ω–µ–Ω–æ
2026-01-12 19:14:49,218 | INFO | frame_grabber | Frame grabber –∑–∞–ø—É—â–µ–Ω–æ
2026-01-12 19:14:55,816 | INFO | frame_grabber | Frame grabber –∑–∞–ø—É—â–µ–Ω–æ
2026-01-12 19:15:01,346 | INFO | frame_grabber | Frame grabber –∑–∞–ø—É—â–µ–Ω–æ
2026-01-12 19:15:04,464 | INFO | frame_grabber | Frame grabber –∑—É–ø–∏–Ω–µ–Ω–æ
2026-01-12 19:15:09,752 | INFO | frame_grabber | Frame grabber –∑–∞–ø—É—â–µ–Ω–æ
2026-01-12 19:15:10,377 | INFO | frame_grabber | –ö–∞–º–µ—Ä–∞ –∑–Ω–∞–π–¥–µ–Ω–∞ –Ω–∞ —ñ–Ω–¥–µ–∫—Å—ñ 0
2026-01-12 19:15:12,728 | INFO | frame_grabber | Frame grabber –∑—É–ø–∏–Ω–µ–Ω–æ
2026-01-12 19:15:14,935 | INFO | frame_grabber | Frame grabber –∑–∞–ø—É—â–µ–Ω–æ
2026-01-12 19:15:15,400 | INFO | frame_grabber | –ö–∞–º–µ—Ä–∞ –∑–Ω–∞–π–¥–µ–Ω–∞ –Ω–∞ —ñ–Ω–¥–µ–∫—Å—ñ 0
2026-01-12 19:15:16,957 | INFO | frame_grabber | Frame grabber –∑—É–ø–∏–Ω–µ–Ω–æ
2026-01-12 19:15:19,313 | INFO | frame_grabber | Frame grabber –∑–∞–ø—É—â–µ–Ω–æ
2026-01-12 19:15:20,383 | INFO | frame_grabber | –ö–∞–º–µ—Ä–∞ –∑–Ω–∞–π–¥–µ–Ω–∞ –Ω–∞ —ñ–Ω–¥–µ–∫—Å—ñ 0
2026-01-12 19:15:25,404 | INFO | frame_grabber | –ö–∞–º–µ—Ä–∞ –∑–Ω–∞–π–¥–µ–Ω–∞ –Ω–∞ —ñ–Ω–¥–µ–∫—Å—ñ 0
2026-01-12 19:15:28,168 | INFO | frame_grabber | Frame grabber –∑–∞–ø—É—â–µ–Ω–æ
2026-01-12 19:15:33,096 | INFO | frame_grabber | Frame grabber –∑—É–ø–∏–Ω–µ–Ω–æ
2026-01-12 19:15:34,920 | INFO | frame_grabber | Frame grabber –∑–∞–ø—É—â–µ–Ω–æ
2026-01-12 19:15:35,419 | INFO | frame_grabber | –ö–∞–º–µ—Ä–∞ –∑–Ω–∞–π–¥–µ–Ω–∞ –Ω–∞ —ñ–Ω–¥–µ–∫—Å—ñ 0
2026-01-12 19:15:37,689 | INFO | frame_grabber | Frame grabber –∑—É–ø–∏–Ω–µ–Ω–æ
2026-01-12 19:15:39,871 | INFO | frame_grabber | Frame grabber –∑–∞–ø—É—â–µ–Ω–æ
2026-01-12 19:15:43,425 | INFO | frame_grabber | Frame grabber –∑—É–ø–∏–Ω–µ–Ω–æ
2026-01-12 19:15:45,437 | INFO | frame_grabber | –ö–∞–º–µ—Ä–∞ –∑–Ω–∞–π–¥–µ–Ω–∞ –Ω–∞ —ñ–Ω–¥–µ–∫—Å—ñ 0
2026-01-12 19:15:50,304 | INFO | frame_grabber | Frame grabber –∑—É–ø–∏–Ω–µ–Ω–æ
2026-01-12 19:15:52,447 | INFO | frame_grabber | Frame grabber –∑–∞–ø—É—â–µ–Ω–æ
2026-01-12 19:15:52,608 | INFO | frame_grabber | Frame grabber –∑–∞–ø—É—â–µ–Ω–æ
2026-01-12 19:15:52,661 | INFO | frame_grabber | –ö–∞–º–µ—Ä–∞ –∑–Ω–∞–π–¥–µ–Ω–∞ –Ω–∞ —ñ–Ω–¥–µ–∫—Å—ñ 0
2026-01-12 19:15:52,738 | INFO | frame_grabber | –ö–∞–º–µ—Ä–∞ –∑–Ω–∞–π–¥–µ–Ω–∞ –Ω–∞ —ñ–Ω–¥–µ–∫—Å—ñ 0
2026-01-12 19:15:57,977 | INFO | frame_grabber | Frame grabber –∑—É–ø–∏–Ω–µ–Ω–æ
2026-01-12 19:16:00,479 | INFO | frame_grabber | –ö–∞–º–µ—Ä–∞ –∑–Ω–∞–π–¥–µ–Ω–∞ –Ω–∞ —ñ–Ω–¥–µ–∫—Å—ñ 0
2026-01-12 19:16:03,784 | INFO | frame_grabber | Frame grabber –∑—É–ø–∏–Ω–µ–Ω–æ
2026-01-12 19:16:05,496 | INFO | frame_grabber | –ö–∞–º–µ—Ä–∞ –∑–Ω–∞–π–¥–µ–Ω–∞ –Ω–∞ —ñ–Ω–¥–µ–∫—Å—ñ 0
2026-01-12 19:16:15,513 | INFO | frame_grabber | –ö–∞–º–µ—Ä–∞ –∑–Ω–∞–π–¥–µ–Ω–∞ –Ω–∞ —ñ–Ω–¥–µ–∫—Å—ñ 0
2026-01-12 19:19:33,543 | INFO | scheduler | –ü–ª–∞–Ω—É–≤–∞–ª—å–Ω–∏–∫ –∑–∞–ø—É—â–µ–Ω–æ
2026-01-12 19:19:33,548 | INFO | scheduler | –ó–∞–ø–ª–∞–Ω–æ–≤–∞–Ω–æ —â–æ–¥–µ–Ω–Ω–∏–π –∑–∞–ø–∏—Å –æ 09:00
2026-01-12 19:19:46,733 | INFO | frame_grabber | Frame grabber –∑–∞–ø—É—â–µ–Ω–æ
2026-01-12 19:19:51,330 | INFO | frame_grabber | Frame grabber –∑–∞–ø—É—â–µ–Ω–æ
2026-01-12 19:19:52,624 | INFO | frame_grabber | –ö–∞–º–µ—Ä–∞ –∑–Ω–∞–π–¥–µ–Ω–∞ –Ω–∞ —ñ–Ω–¥–µ–∫—Å—ñ 0
2026-01-12 19:19:52,795 | INFO | frame_grabber | –ö–∞–º–µ—Ä–∞ —É—Å–ø—ñ—à–Ω–æ –≤—ñ–¥–∫—Ä–∏—Ç–∞ –Ω–∞ —ñ–Ω–¥–µ–∫—Å—ñ 0 (—Å–ø—Ä–æ–±–∞ 1)
2026-01-12 19:19:57,630 | INFO | frame_grabber | –ö–∞–º–µ—Ä–∞ –∑–Ω–∞–π–¥–µ–Ω–∞ –Ω–∞ —ñ–Ω–¥–µ–∫—Å—ñ 0
2026-01-12 19:19:57,704 | INFO | frame_grabber | –ö–∞–º–µ—Ä–∞ —É—Å–ø—ñ—à–Ω–æ –≤—ñ–¥–∫—Ä–∏—Ç–∞ –Ω–∞ —ñ–Ω–¥–µ–∫—Å—ñ 0 (—Å–ø—Ä–æ–±–∞ 1)
2026-01-12 19:19:57,747 | WARNING | frame_grabber | –ù–µ –≤–¥–∞–ª–æ—Å—è –ø—Ä–æ—á–∏—Ç–∞—Ç–∏ –∫–∞–¥—Ä, –∑—É–ø–∏–Ω–∫–∞...
2026-01-12 19:20:03,059 | INFO | frame_grabber | Frame grabber –∑—É–ø–∏–Ω–µ–Ω–æ
2026-01-12 19:20:04,336 | INFO | frame_grabber | Frame grabber –∑–∞–ø—É—â–µ–Ω–æ
2026-01-12 19:20:08,464 | INFO | frame_grabber | Frame grabber –∑–∞–ø—É—â–µ–Ω–æ
2026-01-12 19:20:08,662 | INFO | frame_grabber | –ö–∞–º–µ—Ä–∞ –∑–Ω–∞–π–¥–µ–Ω–∞ –Ω–∞ —ñ–Ω–¥–µ–∫—Å—ñ 0
2026-01-12 19:20:08,760 | INFO | frame_grabber | –ö–∞–º–µ—Ä–∞ —É—Å–ø—ñ—à–Ω–æ –≤—ñ–¥–∫—Ä–∏—Ç–∞ –Ω–∞ —ñ–Ω–¥–µ–∫—Å—ñ 0 (—Å–ø—Ä–æ–±–∞ 1)
2026-01-12 19:20:12,672 | INFO | frame_grabber | –ö–∞–º–µ—Ä–∞ –∑–Ω–∞–π–¥–µ–Ω–∞ –Ω–∞ —ñ–Ω–¥–µ–∫—Å—ñ 0
2026-01-12 19:20:13,004 | INFO | frame_grabber | –ö–∞–º–µ—Ä–∞ —É—Å–ø—ñ—à–Ω–æ –≤—ñ–¥–∫—Ä–∏—Ç–∞ –Ω–∞ —ñ–Ω–¥–µ–∫—Å—ñ 0 (—Å–ø—Ä–æ–±–∞ 1)
2026-01-12 19:20:15,189 | WARNING | frame_grabber | –ù–µ –≤–¥–∞–ª–æ—Å—è –ø—Ä–æ—á–∏—Ç–∞—Ç–∏ –∫–∞–¥—Ä, –∑—É–ø–∏–Ω–∫–∞...
2026-01-12 19:20:19,054 | INFO | frame_grabber | Frame grabber –∑—É–ø–∏–Ω–µ–Ω–æ
2026-01-12 19:22:35,656 | INFO | scheduler | –ü–ª–∞–Ω—É–≤–∞–ª—å–Ω–∏–∫ –∑–∞–ø—É—â–µ–Ω–æ
2026-01-12 19:22:35,662 | INFO | scheduler | –ó–∞–ø–ª–∞–Ω–æ–≤–∞–Ω–æ —â–æ–¥–µ–Ω–Ω–∏–π –∑–∞–ø–∏—Å –æ 09:00
2026-01-12 19:22:50,274 | INFO | frame_grabber | Frame grabber –∑–∞–ø—É—â–µ–Ω–æ
2026-01-12 19:22:51,989 | INFO | frame_grabber | –ö–∞–º–µ—Ä–∞ –∑–Ω–∞–π–¥–µ–Ω–∞ –Ω–∞ —ñ–Ω–¥–µ–∫—Å—ñ 0
2026-01-12 19:22:52,551 | INFO | frame_grabber | –ö–∞–º–µ—Ä–∞ —É—Å–ø—ñ—à–Ω–æ –≤—ñ–¥–∫—Ä–∏—Ç–∞ –Ω–∞ —ñ–Ω–¥–µ–∫—Å—ñ 0 (—Å–ø—Ä–æ–±–∞ 1)
2026-01-12 19:22:58,992 | INFO | frame_grabber | Frame grabber –∑—É–ø–∏–Ω–µ–Ω–æ
2026-01-12 19:23:00,738 | INFO | frame_grabber | Frame grabber –∑–∞–ø—É—â–µ–Ω–æ
2026-01-12 19:23:01,770 | INFO | frame_grabber | –ö–∞–º–µ—Ä–∞ –∑–Ω–∞–π–¥–µ–Ω–∞ –Ω–∞ —ñ–Ω–¥–µ–∫—Å—ñ 0
2026-01-12 19:23:02,220 | INFO | frame_grabber | –ö–∞–º–µ—Ä–∞ —É—Å–ø—ñ—à–Ω–æ –≤—ñ–¥–∫—Ä–∏—Ç–∞ –Ω–∞ —ñ–Ω–¥–µ–∫—Å—ñ 0 (—Å–ø—Ä–æ–±–∞ 1)
2026-01-12 19:23:10,574 | INFO | frame_grabber | Frame grabber –∑—É–ø–∏–Ω–µ–Ω–æ
2026-01-12 19:25:25,345 | INFO | scheduler | –ü–ª–∞–Ω—É–≤–∞–ª—å–Ω–∏–∫ –∑–∞–ø—É—â–µ–Ω–æ
2026-01-12 19:25:25,350 | INFO | scheduler | –ó–∞–ø–ª–∞–Ω–æ–≤–∞–Ω–æ —â–æ–¥–µ–Ω–Ω–∏–π –∑–∞–ø–∏—Å –æ 09:00
2026-01-12 19:25:40,621 | INFO | frame_grabber | Frame grabber –∑–∞–ø—É—â–µ–Ω–æ
2026-01-12 19:25:43,818 | INFO | frame_grabber | –ö–∞–º–µ—Ä–∞ –∑–Ω–∞–π–¥–µ–Ω–∞ –Ω–∞ —ñ–Ω–¥–µ–∫—Å—ñ 0
2026-01-12 19:25:45,339 | INFO | frame_grabber | –ö–∞–º–µ—Ä–∞ —É—Å–ø—ñ—à–Ω–æ –≤—ñ–¥–∫—Ä–∏—Ç–∞ –Ω–∞ —ñ–Ω–¥–µ–∫—Å—ñ 0 (—Å–ø—Ä–æ–±–∞ 1)
2026-01-12 19:25:56,105 | INFO | frame_grabber | Frame grabber –∑—É–ø–∏–Ω–µ–Ω–æ
2026-01-12 19:25:58,361 | INFO | frame_grabber | Frame grabber –∑–∞–ø—É—â–µ–Ω–æ
2026-01-12 19:25:59,372 | INFO | frame_grabber | –ö–∞–º–µ—Ä–∞ –∑–Ω–∞–π–¥–µ–Ω–∞ –Ω–∞ —ñ–Ω–¥–µ–∫—Å—ñ 0
2026-01-12 19:26:00,824 | INFO | frame_grabber | –ö–∞–º–µ—Ä–∞ —É—Å–ø—ñ—à–Ω–æ –≤—ñ–¥–∫—Ä–∏—Ç–∞ –Ω–∞ —ñ–Ω–¥–µ–∫—Å—ñ 0 (—Å–ø—Ä–æ–±–∞ 1)
2026-01-12 19:26:09,352 | INFO | frame_grabber | Frame grabber –∑—É–ø–∏–Ω–µ–Ω–æ
2026-01-12 19:26:13,738 | INFO | frame_grabber | Frame grabber –∑–∞–ø—É—â–µ–Ω–æ
2026-01-12 19:26:14,755 | INFO | frame_grabber | –ö–∞–º–µ—Ä–∞ –∑–Ω–∞–π–¥–µ–Ω–∞ –Ω–∞ —ñ–Ω–¥–µ–∫—Å—ñ 0
2026-01-12 19:26:16,217 | INFO | frame_grabber | –ö–∞–º–µ—Ä–∞ —É—Å–ø—ñ—à–Ω–æ –≤—ñ–¥–∫—Ä–∏—Ç–∞ –Ω–∞ —ñ–Ω–¥–µ–∫—Å—ñ 0 (—Å–ø—Ä–æ–±–∞ 1)
2026-01-12 19:26:19,464 | INFO | frame_grabber | Frame grabber –∑—É–ø–∏–Ω–µ–Ω–æ
2026-01-12 19:27:53,635 | INFO | frame_grabber | Frame grabber –∑–∞–ø—É—â–µ–Ω–æ
2026-01-12 19:27:54,902 | INFO | frame_grabber | –ö–∞–º–µ—Ä–∞ –∑–Ω–∞–π–¥–µ–Ω–∞ –Ω–∞ —ñ–Ω–¥–µ–∫—Å—ñ 0
2026-01-12 19:27:56,406 | INFO | frame_grabber | –ö–∞–º–µ—Ä–∞ —É—Å–ø—ñ—à–Ω–æ –≤—ñ–¥–∫—Ä–∏—Ç–∞ –Ω–∞ —ñ–Ω–¥–µ–∫—Å—ñ 0 (—Å–ø—Ä–æ–±–∞ 1)
2026-01-12 19:28:12,108 | INFO | frame_grabber | Frame grabber –∑—É–ø–∏–Ω–µ–Ω–æ
2026-01-12 19:28:28,194 | INFO | frame_grabber | Frame grabber –∑–∞–ø—É—â–µ–Ω–æ
2026-01-12 19:28:29,192 | INFO | frame_grabber | –ö–∞–º–µ—Ä–∞ –∑–Ω–∞–π–¥–µ–Ω–∞ –Ω–∞ —ñ–Ω–¥–µ–∫—Å—ñ 0
2026-01-12 19:28:30,659 | INFO | frame_grabber | –ö–∞–º–µ—Ä–∞ —É—Å–ø—ñ—à–Ω–æ –≤—ñ–¥–∫—Ä–∏—Ç–∞ –Ω–∞ —ñ–Ω–¥–µ–∫—Å—ñ 0 (—Å–ø—Ä–æ–±–∞ 1)
2026-01-12 19:28:47,362 | INFO | frame_grabber | Frame grabber –∑—É–ø–∏–Ω–µ–Ω–æ
2026-01-12 19:28:50,004 | INFO | frame_grabber | Frame grabber –∑–∞–ø—É—â–µ–Ω–æ
2026-01-12 19:28:51,033 | INFO | frame_grabber | –ö–∞–º–µ—Ä–∞ –∑–Ω–∞–π–¥–µ–Ω–∞ –Ω–∞ —ñ–Ω–¥–µ–∫—Å—ñ 0
2026-01-12 19:28:52,488 | INFO | frame_grabber | –ö–∞–º–µ—Ä–∞ —É—Å–ø—ñ—à–Ω–æ –≤—ñ–¥–∫—Ä–∏—Ç–∞ –Ω–∞ —ñ–Ω–¥–µ–∫—Å—ñ 0 (—Å–ø—Ä–æ–±–∞ 1)
2026-01-12 19:28:59,689 | INFO | frame_grabber | Frame grabber –∑—É–ø–∏–Ω–µ–Ω–æ
2026-01-12 19:36:28,167 | INFO | scheduler | –ü–ª–∞–Ω—É–≤–∞–ª—å–Ω–∏–∫ –∑–∞–ø—É—â–µ–Ω–æ
2026-01-12 19:36:28,175 | INFO | scheduler | –ó–∞–ø–ª–∞–Ω–æ–≤–∞–Ω–æ —â–æ–¥–µ–Ω–Ω–∏–π –∑–∞–ø–∏—Å –æ 09:00
2026-01-12 19:36:47,043 | INFO | frame_grabber | Frame grabber –∑–∞–ø—É—â–µ–Ω–æ
2026-01-12 19:36:48,731 | INFO | frame_grabber | –ö–∞–º–µ—Ä–∞ –∑–Ω–∞–π–¥–µ–Ω–∞ –Ω–∞ —ñ–Ω–¥–µ–∫—Å—ñ 0
2026-01-12 19:36:50,359 | INFO | frame_grabber | –ö–∞–º–µ—Ä–∞ —É—Å–ø—ñ—à–Ω–æ –≤—ñ–¥–∫—Ä–∏—Ç–∞ –Ω–∞ —ñ–Ω–¥–µ–∫—Å—ñ 0 (—Å–ø—Ä–æ–±–∞ 1)
2026-01-12 19:36:57,726 | INFO | frame_grabber | Frame grabber –∑—É–ø–∏–Ω–µ–Ω–æ
2026-01-12 19:37:01,851 | INFO | frame_grabber | Frame grabber –∑–∞–ø—É—â–µ–Ω–æ
2026-01-12 19:37:03,046 | INFO | frame_grabber | –ö–∞–º–µ—Ä–∞ –∑–Ω–∞–π–¥–µ–Ω–∞ –Ω–∞ —ñ–Ω–¥–µ–∫—Å—ñ 0
2026-01-12 19:37:04,772 | INFO | frame_grabber | –ö–∞–º–µ—Ä–∞ —É—Å–ø—ñ—à–Ω–æ –≤—ñ–¥–∫—Ä–∏—Ç–∞ –Ω–∞ —ñ–Ω–¥–µ–∫—Å—ñ 0 (—Å–ø—Ä–æ–±–∞ 1)
2026-01-12 19:37:07,939 | INFO | frame_grabber | Frame grabber –∑—É–ø–∏–Ω–µ–Ω–æ
2026-01-12 19:37:13,653 | INFO | frame_grabber | Frame grabber –∑–∞–ø—É—â–µ–Ω–æ
2026-01-12 19:37:14,642 | INFO | frame_grabber | –ö–∞–º–µ—Ä–∞ –∑–Ω–∞–π–¥–µ–Ω–∞ –Ω–∞ —ñ–Ω–¥–µ–∫—Å—ñ 0
2026-01-12 19:37:14,667 | INFO | frame_grabber | Frame grabber –∑–∞–ø—É—â–µ–Ω–æ
2026-01-12 19:37:15,513 | ERROR | frame_grabber | –ù–µ –∑–Ω–∞–π–¥–µ–Ω–æ –∂–æ–¥–Ω–æ—ó –∫–∞–º–µ—Ä–∏
2026-01-12 19:37:15,513 | ERROR | frame_grabber | –ù–µ –≤–¥–∞–ª–æ—Å—è –≤—ñ–¥–∫—Ä–∏—Ç–∏ –∫–∞–º–µ—Ä—É –¥–ª—è frame_grabber
2026-01-12 19:37:15,614 | WARNING | frame_grabber | –ö–∞–º–µ—Ä–∞ –≤—ñ–¥–∫—Ä–∏—Ç–∞, –∞–ª–µ –∫–∞–¥—Ä –Ω–µ –æ—Ç—Ä–∏–º–∞–Ω–æ. –ü–æ–≤—Ç–æ—Ä–Ω–∞ —Å–ø—Ä–æ–±–∞...
2026-01-12 19:37:15,614 | WARNING | frame_grabber | –°–ø—Ä–æ–±–∞ 1 –Ω–µ –≤–¥–∞–ª–∞—Å—è, –ø–æ–≤—Ç–æ—Ä —á–µ—Ä–µ–∑ 1.0—Å...
2026-01-12 19:37:15,703 | INFO | frame_grabber | Frame grabber –∑–∞–ø—É—â–µ–Ω–æ
2026-01-12 19:37:16,387 | INFO | frame_grabber | –ö–∞–º–µ—Ä–∞ –∑–Ω–∞–π–¥–µ–Ω–∞ –Ω–∞ —ñ–Ω–¥–µ–∫—Å—ñ 0
2026-01-12 19:37:16,922 | INFO | frame_grabber | Frame grabber –∑–∞–ø—É—â–µ–Ω–æ
2026-01-12 19:37:17,961 | WARNING | frame_grabber | –°–ø—Ä–æ–±–∞ 2 –Ω–µ –≤–¥–∞–ª–∞—Å—è, –ø–æ–≤—Ç–æ—Ä —á–µ—Ä–µ–∑ 1.0—Å...
2026-01-12 19:37:18,176 | ERROR | frame_grabber | –ù–µ –∑–Ω–∞–π–¥–µ–Ω–æ –∂–æ–¥–Ω–æ—ó –∫–∞–º–µ—Ä–∏
2026-01-12 19:37:18,176 | ERROR | frame_grabber | –ù–µ –≤–¥–∞–ª–æ—Å—è –≤—ñ–¥–∫—Ä–∏—Ç–∏ –∫–∞–º–µ—Ä—É –¥–ª—è frame_grabber
2026-01-12 19:37:18,324 | WARNING | frame_grabber | –°–ø—Ä–æ–±–∞ 1 –Ω–µ –≤–¥–∞–ª–∞—Å—è, –ø–æ–≤—Ç–æ—Ä —á–µ—Ä–µ–∑ 1.0—Å...
2026-01-12 19:37:18,741 | INFO | frame_grabber | Frame grabber –∑–∞–ø—É—â–µ–Ω–æ
2026-01-12 19:37:19,323 | ERROR | frame_grabber | –ù–µ –∑–Ω–∞–π–¥–µ–Ω–æ –∂–æ–¥–Ω–æ—ó –∫–∞–º–µ—Ä–∏
2026-01-12 19:37:19,323 | ERROR | frame_grabber | –ù–µ –≤–¥–∞–ª–æ—Å—è –≤—ñ–¥–∫—Ä–∏—Ç–∏ –∫–∞–º–µ—Ä—É –¥–ª—è frame_grabber
2026-01-12 19:37:19,809 | WARNING | frame_grabber | –°–ø—Ä–æ–±–∞ 3 –Ω–µ –≤–¥–∞–ª–∞—Å—è, –ø–æ–≤—Ç–æ—Ä —á–µ—Ä–µ–∑ 1.0—Å...
2026-01-12 19:37:20,809 | ERROR | frame_grabber | –ù–µ –≤–¥–∞–ª–æ—Å—è –≤—ñ–¥–∫—Ä–∏—Ç–∏ –∫–∞–º–µ—Ä—É –ø—ñ—Å–ª—è 3 —Å–ø—Ä–æ–±
2026-01-12 19:37:20,809 | ERROR | frame_grabber | –ù–µ –≤–¥–∞–ª–æ—Å—è –≤—ñ–¥–∫—Ä–∏—Ç–∏ –∫–∞–º–µ—Ä—É –¥–ª—è frame_grabber
2026-01-12 19:37:20,821 | INFO | frame_grabber | –ö–∞–º–µ—Ä–∞ —É—Å–ø—ñ—à–Ω–æ –≤—ñ–¥–∫—Ä–∏—Ç–∞ –Ω–∞ —ñ–Ω–¥–µ–∫—Å—ñ 0 (—Å–ø—Ä–æ–±–∞ 2)
2026-01-12 19:37:24,479 | INFO | frame_grabber | Frame grabber –∑—É–ø–∏–Ω–µ–Ω–æ
2026-01-12 19:37:26,102 | INFO | frame_grabber | Frame grabber –∑–∞–ø—É—â–µ–Ω–æ
2026-01-12 19:37:26,770 | INFO | frame_grabber | –ö–∞–º–µ—Ä–∞ –∑–Ω–∞–π–¥–µ–Ω–∞ –Ω–∞ —ñ–Ω–¥–µ–∫—Å—ñ 0
2026-01-12 19:37:28,203 | INFO | frame_grabber | –ö–∞–º–µ—Ä–∞ —É—Å–ø—ñ—à–Ω–æ –≤—ñ–¥–∫—Ä–∏—Ç–∞ –Ω–∞ —ñ–Ω–¥–µ–∫—Å—ñ 0 (—Å–ø—Ä–æ–±–∞ 1)
2026-01-12 19:37:35,393 | INFO | frame_grabber | Frame grabber –∑—É–ø–∏–Ω–µ–Ω–æ
2026-01-12 19:37:58,707 | INFO | frame_grabber | Frame grabber –∑–∞–ø—É—â–µ–Ω–æ
2026-01-12 19:37:59,391 | INFO | frame_grabber | –ö–∞–º–µ—Ä–∞ –∑–Ω–∞–π–¥–µ–Ω–∞ –Ω–∞ —ñ–Ω–¥–µ–∫—Å—ñ 0
2026-01-12 19:38:00,792 | INFO | frame_grabber | –ö–∞–º–µ—Ä–∞ —É—Å–ø—ñ—à–Ω–æ –≤—ñ–¥–∫—Ä–∏—Ç–∞ –Ω–∞ —ñ–Ω–¥–µ–∫—Å—ñ 0 (—Å–ø—Ä–æ–±–∞ 1)
2026-01-12 19:38:07,501 | INFO | frame_grabber | Frame grabber –∑—É–ø–∏–Ω–µ–Ω–æ
2026-01-12 19:38:11,001 | INFO | frame_grabber | Frame grabber –∑–∞–ø—É—â–µ–Ω–æ
2026-01-12 19:38:11,690 | INFO | frame_grabber | –ö–∞–º–µ—Ä–∞ –∑–Ω–∞–π–¥–µ–Ω–∞ –Ω–∞ —ñ–Ω–¥–µ–∫—Å—ñ 0
2026-01-12 19:38:13,082 | INFO | frame_grabber | –ö–∞–º–µ—Ä–∞ —É—Å–ø—ñ—à–Ω–æ –≤—ñ–¥–∫—Ä–∏—Ç–∞ –Ω–∞ —ñ–Ω–¥–µ–∫—Å—ñ 0 (—Å–ø—Ä–æ–±–∞ 1)
2026-01-12 19:38:19,007 | INFO | frame_grabber | Frame grabber –∑—É–ø–∏–Ω–µ–Ω–æ
2026-01-12 19:40:41,841 | INFO | scheduler | –ü–ª–∞–Ω—É–≤–∞–ª—å–Ω–∏–∫ –∑–∞–ø—É—â–µ–Ω–æ
2026-01-12 19:40:41,851 | INFO | scheduler | –ó–∞–ø–ª–∞–Ω–æ–≤–∞–Ω–æ —â–æ–¥–µ–Ω–Ω–∏–π –∑–∞–ø–∏—Å –æ 09:00
2026-01-12 19:41:17,602 | INFO | frame_grabber | Frame grabber –∑–∞–ø—É—â–µ–Ω–æ
2026-01-12 19:41:19,031 | INFO | frame_grabber | –ö–∞–º–µ—Ä–∞ –≤—ñ–¥–∫—Ä–∏—Ç–∞ –Ω–∞ —ñ–Ω–¥–µ–∫—Å—ñ 0 —á–µ—Ä–µ–∑ –±–µ–∫–µ–Ω–¥ 700
2026-01-12 19:41:20,197 | INFO | frame_grabber | –ö–∞–º–µ—Ä–∞ –≤—ñ–¥–∫—Ä–∏—Ç–∞ –Ω–∞ —ñ–Ω–¥–µ–∫—Å—ñ 0 —á–µ—Ä–µ–∑ –±–µ–∫–µ–Ω–¥ 700
2026-01-12 19:41:21,218 | INFO | frame_grabber | –ö–∞–º–µ—Ä–∞ —É—Å–ø—ñ—à–Ω–æ –≤—ñ–¥–∫—Ä–∏—Ç–∞ –Ω–∞ —ñ–Ω–¥–µ–∫—Å—ñ 0 (—Å–ø—Ä–æ–±–∞ 1)
2026-01-12 19:41:27,416 | INFO | frame_grabber | Frame grabber –∑—É–ø–∏–Ω–µ–Ω–æ
2026-01-12 19:41:59,038 | INFO | frame_grabber | Frame grabber –∑–∞–ø—É—â–µ–Ω–æ
2026-01-12 19:41:59,869 | INFO | frame_grabber | –ö–∞–º–µ—Ä–∞ –≤—ñ–¥–∫—Ä–∏—Ç–∞ –Ω–∞ —ñ–Ω–¥–µ–∫—Å—ñ 0 —á–µ—Ä–µ–∑ –±–µ–∫–µ–Ω–¥ 700
2026-01-12 19:42:00,989 | INFO | frame_grabber | –ö–∞–º–µ—Ä–∞ –≤—ñ–¥–∫—Ä–∏—Ç–∞ –Ω–∞ —ñ–Ω–¥–µ–∫—Å—ñ 0 —á–µ—Ä–µ–∑ –±–µ–∫–µ–Ω–¥ 700
2026-01-12 19:42:02,005 | INFO | frame_grabber | –ö–∞–º–µ—Ä–∞ —É—Å–ø—ñ—à–Ω–æ –≤—ñ–¥–∫—Ä–∏—Ç–∞ –Ω–∞ —ñ–Ω–¥–µ–∫—Å—ñ 0 (—Å–ø—Ä–æ–±–∞ 1)
2026-01-12 19:42:05,119 | INFO | frame_grabber | Frame grabber –∑—É–ø–∏–Ω–µ–Ω–æ
2026-01-12 19:45:39,521 | INFO | scheduler | –ü–ª–∞–Ω—É–≤–∞–ª—å–Ω–∏–∫ –∑–∞–ø—É—â–µ–Ω–æ
2026-01-12 19:45:39,536 | INFO | scheduler | –ó–∞–ø–ª–∞–Ω–æ–≤–∞–Ω–æ —â–æ–¥–µ–Ω–Ω–∏–π –∑–∞–ø–∏—Å –æ 09:00
2026-01-12 19:45:54,199 | INFO | frame_grabber | Frame grabber –∑–∞–ø—É—â–µ–Ω–æ
2026-01-12 19:45:55,502 | INFO | frame_grabber | –ö–∞–º–µ—Ä–∞ –≤—ñ–¥–∫—Ä–∏—Ç–∞ –Ω–∞ —ñ–Ω–¥–µ–∫—Å—ñ 0 —á–µ—Ä–µ–∑ –±–µ–∫–µ–Ω–¥ 700
2026-01-12 19:45:56,612 | INFO | frame_grabber | –ö–∞–º–µ—Ä–∞ –≤—ñ–¥–∫—Ä–∏—Ç–∞ –Ω–∞ —ñ–Ω–¥–µ–∫—Å—ñ 0 —á–µ—Ä–µ–∑ –±–µ–∫–µ–Ω–¥ 700
2026-01-12 19:45:57,630 | INFO | frame_grabber | –ö–∞–º–µ—Ä–∞ —É—Å–ø—ñ—à–Ω–æ –≤—ñ–¥–∫—Ä–∏—Ç–∞ –Ω–∞ —ñ–Ω–¥–µ–∫—Å—ñ 0 (—Å–ø—Ä–æ–±–∞ 1)
2026-01-12 19:46:09,730 | INFO | frame_grabber | Frame grabber –∑—É–ø–∏–Ω–µ–Ω–æ
2026-01-12 19:46:14,619 | INFO | frame_grabber | Frame grabber –∑–∞–ø—É—â–µ–Ω–æ
2026-01-12 19:46:15,137 | INFO | frame_grabber | –ö–∞–º–µ—Ä–∞ –≤—ñ–¥–∫—Ä–∏—Ç–∞ –Ω–∞ —ñ–Ω–¥–µ–∫—Å—ñ 0 —á–µ—Ä–µ–∑ –±–µ–∫–µ–Ω–¥ 700
2026-01-12 19:46:16,125 | INFO | frame_grabber | –ö–∞–º–µ—Ä–∞ –≤—ñ–¥–∫—Ä–∏—Ç–∞ –Ω–∞ —ñ–Ω–¥–µ–∫—Å—ñ 0 —á–µ—Ä–µ–∑ –±–µ–∫–µ–Ω–¥ 700
2026-01-12 19:46:17,144 | INFO | frame_grabber | –ö–∞–º–µ—Ä–∞ —É—Å–ø—ñ—à–Ω–æ –≤—ñ–¥–∫—Ä–∏—Ç–∞ –Ω–∞ —ñ–Ω–¥–µ–∫—Å—ñ 0 (—Å–ø—Ä–æ–±–∞ 1)
2026-01-12 19:46:29,444 | INFO | frame_grabber | Frame grabber –∑—É–ø–∏–Ω–µ–Ω–æ
2026-01-12 19:46:33,667 | INFO | frame_grabber | Frame grabber –∑–∞–ø—É—â–µ–Ω–æ
2026-01-12 19:46:34,188 | INFO | frame_grabber | –ö–∞–º–µ—Ä–∞ –≤—ñ–¥–∫—Ä–∏—Ç–∞ –Ω–∞ —ñ–Ω–¥–µ–∫—Å—ñ 0 —á–µ—Ä–µ–∑ –±–µ–∫–µ–Ω–¥ 700
2026-01-12 19:46:35,130 | INFO | frame_grabber | –ö–∞–º–µ—Ä–∞ –≤—ñ–¥–∫—Ä–∏—Ç–∞ –Ω–∞ —ñ–Ω–¥–µ–∫—Å—ñ 0 —á–µ—Ä–µ–∑ –±–µ–∫–µ–Ω–¥ 700
2026-01-12 19:46:36,143 | INFO | frame_grabber | –ö–∞–º–µ—Ä–∞ —É—Å–ø—ñ—à–Ω–æ –≤—ñ–¥–∫—Ä–∏—Ç–∞ –Ω–∞ —ñ–Ω–¥–µ–∫—Å—ñ 0 (—Å–ø—Ä–æ–±–∞ 1)
2026-01-12 19:46:42,711 | INFO | frame_grabber | Frame grabber –∑—É–ø–∏–Ω–µ–Ω–æ
2026-01-12 19:51:07,358 | INFO | scheduler | –ü–ª–∞–Ω—É–≤–∞–ª—å–Ω–∏–∫ –∑–∞–ø—É—â–µ–Ω–æ
2026-01-12 19:51:07,368 | INFO | scheduler | –ó–∞–ø–ª–∞–Ω–æ–≤–∞–Ω–æ —â–æ–¥–µ–Ω–Ω–∏–π –∑–∞–ø–∏—Å –æ 09:00
2026-01-12 19:51:25,487 | INFO | frame_grabber | Frame grabber –∑–∞–ø—É—â–µ–Ω–æ
2026-01-12 19:51:26,392 | INFO | frame_grabber | –ö–∞–º–µ—Ä–∞ –≤—ñ–¥–∫—Ä–∏—Ç–∞ –Ω–∞ —ñ–Ω–¥–µ–∫—Å—ñ 0 —á–µ—Ä–µ–∑ –±–µ–∫–µ–Ω–¥ 700
2026-01-12 19:51:27,387 | INFO | frame_grabber | –ö–∞–º–µ—Ä–∞ –≤—ñ–¥–∫—Ä–∏—Ç–∞ –Ω–∞ —ñ–Ω–¥–µ–∫—Å—ñ 0 —á–µ—Ä–µ–∑ –±–µ–∫–µ–Ω–¥ 700
2026-01-12 19:51:28,405 | INFO | frame_grabber | –ö–∞–º–µ—Ä–∞ —É—Å–ø—ñ—à–Ω–æ –≤—ñ–¥–∫—Ä–∏—Ç–∞ –Ω–∞ —ñ–Ω–¥–µ–∫—Å—ñ 0 (—Å–ø—Ä–æ–±–∞ 1)
2026-01-12 19:51:36,428 | INFO | frame_grabber | Frame grabber –∑—É–ø–∏–Ω–µ–Ω–æ
2026-01-12 19:51:40,187 | INFO | frame_grabber | Frame grabber –∑–∞–ø—É—â–µ–Ω–æ
2026-01-12 19:51:40,699 | INFO | frame_grabber | –ö–∞–º–µ—Ä–∞ –≤—ñ–¥–∫—Ä–∏—Ç–∞ –Ω–∞ —ñ–Ω–¥–µ–∫—Å—ñ 0 —á–µ—Ä–µ–∑ –±–µ–∫–µ–Ω–¥ 700
2026-01-12 19:51:41,644 | INFO | frame_grabber | –ö–∞–º–µ—Ä–∞ –≤—ñ–¥–∫—Ä–∏—Ç–∞ –Ω–∞ —ñ–Ω–¥–µ–∫—Å—ñ 0 —á–µ—Ä–µ–∑ –±–µ–∫–µ–Ω–¥ 700
2026-01-12 19:51:42,664 | INFO | frame_grabber | –ö–∞–º–µ—Ä–∞ —É—Å–ø—ñ—à–Ω–æ –≤—ñ–¥–∫—Ä–∏—Ç–∞ –Ω–∞ —ñ–Ω–¥–µ–∫—Å—ñ 0 (—Å–ø—Ä–æ–±–∞ 1)
2026-01-12 19:51:49,993 | INFO | frame_grabber | Frame grabber –∑—É–ø–∏–Ω–µ–Ω–æ
2026-01-12 19:52:04,204 | INFO | frame_grabber | Frame grabber –∑–∞–ø—É—â–µ–Ω–æ
2026-01-12 19:52:04,707 | INFO | frame_grabber | –ö–∞–º–µ—Ä–∞ –≤—ñ–¥–∫—Ä–∏—Ç–∞ –Ω–∞ —ñ–Ω–¥–µ–∫—Å—ñ 0 —á–µ—Ä–µ–∑ –±–µ–∫–µ–Ω–¥ 700
2026-01-12 19:52:05,651 | INFO | frame_grabber | –ö–∞–º–µ—Ä–∞ –≤—ñ–¥–∫—Ä–∏—Ç–∞ –Ω–∞ —ñ–Ω–¥–µ–∫—Å—ñ 0 —á–µ—Ä–µ–∑ –±–µ–∫–µ–Ω–¥ 700
2026-01-12 19:52:06,672 | INFO | frame_grabber | –ö–∞–º–µ—Ä–∞ —É—Å–ø—ñ—à–Ω–æ –≤—ñ–¥–∫—Ä–∏—Ç–∞ –Ω–∞ —ñ–Ω–¥–µ–∫—Å—ñ 0 (—Å–ø—Ä–æ–±–∞ 1)
2026-01-12 19:52:25,359 | INFO | frame_grabber | Frame grabber –∑—É–ø–∏–Ω–µ–Ω–æ
2026-01-12 19:52:29,235 | INFO | frame_grabber | Frame grabber –∑–∞–ø—É—â–µ–Ω–æ
2026-01-12 19:52:29,810 | INFO | frame_grabber | –ö–∞–º–µ—Ä–∞ –≤—ñ–¥–∫—Ä–∏—Ç–∞ –Ω–∞ —ñ–Ω–¥–µ–∫—Å—ñ 0 —á–µ—Ä–µ–∑ –±–µ–∫–µ–Ω–¥ 700
2026-01-12 19:52:30,865 | INFO | frame_grabber | –ö–∞–º–µ—Ä–∞ –≤—ñ–¥–∫—Ä–∏—Ç–∞ –Ω–∞ —ñ–Ω–¥–µ–∫—Å—ñ 0 —á–µ—Ä–µ–∑ –±–µ–∫–µ–Ω–¥ 700
2026-01-12 19:52:31,885 | INFO | frame_grabber | –ö–∞–º–µ—Ä–∞ —É—Å–ø—ñ—à–Ω–æ –≤—ñ–¥–∫—Ä–∏—Ç–∞ –Ω–∞ —ñ–Ω–¥–µ–∫—Å—ñ 0 (—Å–ø—Ä–æ–±–∞ 1)
2026-01-12 19:52:37,773 | INFO | frame_grabber | Frame grabber –∑—É–ø–∏–Ω–µ–Ω–æ
2026-01-12 19:52:45,939 | INFO | frame_grabber | Frame grabber –∑–∞–ø—É—â–µ–Ω–æ
2026-01-12 19:52:46,453 | INFO | frame_grabber | –ö–∞–º–µ—Ä–∞ –≤—ñ–¥–∫—Ä–∏—Ç–∞ –Ω–∞ —ñ–Ω–¥–µ–∫—Å—ñ 0 —á–µ—Ä–µ–∑ –±–µ–∫–µ–Ω–¥ 700
2026-01-12 19:52:47,381 | INFO | frame_grabber | –ö–∞–º–µ—Ä–∞ –≤—ñ–¥–∫—Ä–∏—Ç–∞ –Ω–∞ —ñ–Ω–¥–µ–∫—Å—ñ 0 —á–µ—Ä–µ–∑ –±–µ–∫–µ–Ω–¥ 700
2026-01-12 19:52:48,393 | INFO | frame_grabber | –ö–∞–º–µ—Ä–∞ —É—Å–ø—ñ—à–Ω–æ –≤—ñ–¥–∫—Ä–∏—Ç–∞ –Ω–∞ —ñ–Ω–¥–µ–∫—Å—ñ 0 (—Å–ø—Ä–æ–±–∞ 1)
2026-01-12 19:52:53,275 | INFO | frame_grabber | Frame grabber –∑—É–ø–∏–Ω–µ–Ω–æ
2026-01-12 19:56:01,124 | INFO | frame_grabber | Frame grabber –∑–∞–ø—É—â–µ–Ω–æ
2026-01-12 19:56:01,831 | INFO | frame_grabber | –ö–∞–º–µ—Ä–∞ –≤—ñ–¥–∫—Ä–∏—Ç–∞ –Ω–∞ —ñ–Ω–¥–µ–∫—Å—ñ 0 —á–µ—Ä–µ–∑ –±–µ–∫–µ–Ω–¥ 700
2026-01-12 19:56:02,825 | INFO | frame_grabber | –ö–∞–º–µ—Ä–∞ –≤—ñ–¥–∫—Ä–∏—Ç–∞ –Ω–∞ —ñ–Ω–¥–µ–∫—Å—ñ 0 —á–µ—Ä–µ–∑ –±–µ–∫–µ–Ω–¥ 700
2026-01-12 19:56:03,847 | INFO | frame_grabber | –ö–∞–º–µ—Ä–∞ —É—Å–ø—ñ—à–Ω–æ –≤—ñ–¥–∫—Ä–∏—Ç–∞ –Ω–∞ —ñ–Ω–¥–µ–∫—Å—ñ 0 (—Å–ø—Ä–æ–±–∞ 1)
2026-01-12 19:56:07,844 | INFO | frame_grabber | Frame grabber –∑—É–ø–∏–Ω–µ–Ω–æ
2026-01-12 19:56:12,055 | INFO | frame_grabber | Frame grabber –∑–∞–ø—É—â–µ–Ω–æ
2026-01-12 19:56:12,561 | INFO | frame_grabber | –ö–∞–º–µ—Ä–∞ –≤—ñ–¥–∫—Ä–∏—Ç–∞ –Ω–∞ —ñ–Ω–¥–µ–∫—Å—ñ 0 —á–µ—Ä–µ–∑ –±–µ–∫–µ–Ω–¥ 700
2026-01-12 19:56:13,516 | INFO | frame_grabber | –ö–∞–º–µ—Ä–∞ –≤—ñ–¥–∫—Ä–∏—Ç–∞ –Ω–∞ —ñ–Ω–¥–µ–∫—Å—ñ 0 —á–µ—Ä–µ–∑ –±–µ–∫–µ–Ω–¥ 700
2026-01-12 19:56:14,527 | INFO | frame_grabber | –ö–∞–º–µ—Ä–∞ —É—Å–ø—ñ—à–Ω–æ –≤—ñ–¥–∫—Ä–∏—Ç–∞ –Ω–∞ —ñ–Ω–¥–µ–∫—Å—ñ 0 (—Å–ø—Ä–æ–±–∞ 1)
2026-01-12 19:56:19,021 | INFO | frame_grabber | Frame grabber –∑—É–ø–∏–Ω–µ–Ω–æ
2026-01-12 19:56:22,620 | INFO | frame_grabber | Frame grabber –∑–∞–ø—É—â–µ–Ω–æ
2026-01-12 19:56:23,123 | INFO | frame_grabber | –ö–∞–º–µ—Ä–∞ –≤—ñ–¥–∫—Ä–∏—Ç–∞ –Ω–∞ —ñ–Ω–¥–µ–∫—Å—ñ 0 —á–µ—Ä–µ–∑ –±–µ–∫–µ–Ω–¥ 700
2026-01-12 19:56:24,073 | INFO | frame_grabber | –ö–∞–º–µ—Ä–∞ –≤—ñ–¥–∫—Ä–∏—Ç–∞ –Ω–∞ —ñ–Ω–¥–µ–∫—Å—ñ 0 —á–µ—Ä–µ–∑ –±–µ–∫–µ–Ω–¥ 700
2026-01-12 19:56:25,087 | INFO | frame_grabber | –ö–∞–º–µ—Ä–∞ —É—Å–ø—ñ—à–Ω–æ –≤—ñ–¥–∫—Ä–∏—Ç–∞ –Ω–∞ —ñ–Ω–¥–µ–∫—Å—ñ 0 (—Å–ø—Ä–æ–±–∞ 1)
2026-01-12 19:56:28,295 | INFO | frame_grabber | Frame grabber –∑—É–ø–∏–Ω–µ–Ω–æ
2026-01-12 21:59:15,424 | INFO | scheduler | –ü–ª–∞–Ω—É–≤–∞–ª—å–Ω–∏–∫ –∑–∞–ø—É—â–µ–Ω–æ
2026-01-12 21:59:15,438 | INFO | scheduler | –ó–∞–ø–ª–∞–Ω–æ–≤–∞–Ω–æ —â–æ–¥–µ–Ω–Ω–∏–π –∑–∞–ø–∏—Å –æ 09:00
2026-01-12 21:59:33,110 | INFO | frame_grabber | Frame grabber –∑–∞–ø—É—â–µ–Ω–æ
2026-01-12 21:59:34,438 | INFO | frame_grabber | –ö–∞–º–µ—Ä–∞ –≤—ñ–¥–∫—Ä–∏—Ç–∞ –Ω–∞ —ñ–Ω–¥–µ–∫—Å—ñ 0 —á–µ—Ä–µ–∑ –±–µ–∫–µ–Ω–¥ 700
2026-01-12 21:59:35,647 | INFO | frame_grabber | –ö–∞–º–µ—Ä–∞ –≤—ñ–¥–∫—Ä–∏—Ç–∞ –Ω–∞ —ñ–Ω–¥–µ–∫—Å—ñ 0 —á–µ—Ä–µ–∑ –±–µ–∫–µ–Ω–¥ 700
2026-01-12 21:59:36,670 | INFO | frame_grabber | –ö–∞–º–µ—Ä–∞ —É—Å–ø—ñ—à–Ω–æ –≤—ñ–¥–∫—Ä–∏—Ç–∞ –Ω–∞ —ñ–Ω–¥–µ–∫—Å—ñ 0 (—Å–ø—Ä–æ–±–∞ 1)
2026-01-12 21:59:43,473 | INFO | frame_grabber | Frame grabber –∑—É–ø–∏–Ω–µ–Ω–æ
2026-01-12 21:59:45,809 | INFO | frame_grabber | Frame grabber –∑—É–ø–∏–Ω–µ–Ω–æ
2026-01-12 22:00:04,819 | INFO | frame_grabber | Frame grabber –∑–∞–ø—É—â–µ–Ω–æ
2026-01-12 22:00:05,534 | INFO | frame_grabber | –ö–∞–º–µ—Ä–∞ –≤—ñ–¥–∫—Ä–∏—Ç–∞ –Ω–∞ —ñ–Ω–¥–µ–∫—Å—ñ 0 —á–µ—Ä–µ–∑ –±–µ–∫–µ–Ω–¥ 700
2026-01-12 22:00:06,923 | INFO | frame_grabber | –ö–∞–º–µ—Ä–∞ –≤—ñ–¥–∫—Ä–∏—Ç–∞ –Ω–∞ —ñ–Ω–¥–µ–∫—Å—ñ 0 —á–µ—Ä–µ–∑ –±–µ–∫–µ–Ω–¥ 700
2026-01-12 22:00:07,937 | INFO | frame_grabber | –ö–∞–º–µ—Ä–∞ —É—Å–ø—ñ—à–Ω–æ –≤—ñ–¥–∫—Ä–∏—Ç–∞ –Ω–∞ —ñ–Ω–¥–µ–∫—Å—ñ 0 (—Å–ø—Ä–æ–±–∞ 1)
2026-01-12 22:00:28,844 | INFO | frame_grabber | Frame grabber –∑—É–ø–∏–Ω–µ–Ω–æ
2026-01-14 13:37:15,914 | INFO | scheduler | –ü–ª–∞–Ω—É–≤–∞–ª—å–Ω–∏–∫ –∑–∞–ø—É—â–µ–Ω–æ
2026-01-14 13:37:15,977 | INFO | scheduler | –ó–∞–ø–ª–∞–Ω–æ–≤–∞–Ω–æ —â–æ–¥–µ–Ω–Ω–∏–π –∑–∞–ø–∏—Å –æ 09:00
